TN:
SF:src\App.jsx
FN:5,App
FNF:1
FNH:1
FNDA:1,App
DA:1,1
DA:2,1
DA:3,1
DA:5,1
DA:6,1
DA:7,1
DA:8,1
DA:9,1
DA:10,1
DA:12,1
LF:10
LH:10
BRDA:5,0,0,1
BRF:1
BRH:1
end_of_record
TN:
SF:src\components\Button.jsx
FN:3,Button
FNF:1
FNH:1
FNDA:184,Button
DA:1,1
DA:3,184
DA:4,184
DA:5,184
DA:6,184
DA:7,184
DA:8,184
DA:9,184
DA:10,184
DA:11,184
DA:12,184
DA:14,184
DA:15,184
DA:16,184
DA:17,184
DA:18,184
DA:20,184
DA:21,184
DA:22,184
DA:24,184
DA:26,1
LF:21
LH:21
BRDA:3,0,0,184
BRDA:11,1,0,26
BRDA:11,2,0,158
BRDA:16,3,0,26
BRDA:16,4,0,158
BRDA:20,5,0,44
BRF:6
BRH:6
end_of_record
TN:
SF:src\components\DateInput.jsx
FN:6,formatDate
FN:12,DateInput
FN:28,handleDateChangeWrapper
FNF:3
FNH:3
FNDA:18,formatDate
FNDA:31,DateInput
FNDA:3,handleDateChangeWrapper
DA:1,1
DA:2,1
DA:3,1
DA:4,1
DA:6,1
DA:7,18
DA:8,17
DA:9,17
DA:10,17
DA:12,31
DA:13,31
DA:14,31
DA:15,31
DA:16,31
DA:17,31
DA:18,31
DA:19,31
DA:20,31
DA:21,31
DA:22,31
DA:23,31
DA:24,31
DA:25,31
DA:26,31
DA:28,31
DA:29,3
DA:30,3
DA:31,2
DA:32,2
DA:33,3
DA:34,3
DA:36,31
DA:37,31
DA:38,31
DA:39,31
DA:40,31
DA:41,31
DA:42,31
DA:43,31
DA:44,31
DA:45,31
DA:46,31
DA:47,31
DA:48,31
DA:49,11
DA:50,11
DA:51,11
DA:52,11
DA:53,11
DA:54,11
DA:55,11
DA:56,11
DA:57,11
DA:58,11
DA:60,31
DA:61,31
DA:63,31
DA:65,1
LF:58
LH:58
BRDA:6,0,0,18
BRDA:7,1,0,1
BRDA:7,2,0,17
BRDA:12,3,0,31
BRDA:38,4,0,27
BRDA:43,5,0,17
BRDA:43,6,0,14
BRDA:48,7,0,11
BRDA:28,8,0,3
BRDA:30,9,0,2
BRF:10
BRH:10
end_of_record
TN:
SF:src\components\Dropdown.jsx
FN:3,Dropdown
FNF:1
FNH:1
FNDA:49,Dropdown
DA:1,1
DA:3,49
DA:4,49
DA:5,49
DA:6,49
DA:7,49
DA:8,49
DA:9,49
DA:10,49
DA:11,49
DA:12,49
DA:13,49
DA:14,49
DA:15,49
DA:16,98
DA:17,49
DA:19,49
DA:20,49
DA:21,49
DA:22,37
DA:23,37
DA:24,37
DA:27,49
DA:28,49
DA:29,49
DA:30,49
DA:31,49
DA:32,49
DA:33,49
DA:34,49
DA:35,49
DA:37,49
DA:38,49
DA:39,49
DA:40,49
DA:41,98
DA:42,98
DA:43,98
DA:44,49
DA:45,49
DA:47,49
DA:48,1
DA:50,49
DA:52,49
DA:54,1
LF:45
LH:45
BRDA:3,0,0,49
BRDA:20,1,0,1
BRDA:20,2,0,48
BRDA:21,3,0,37
BRDA:30,4,0,6
BRDA:47,5,0,1
BRDA:47,6,0,1
BRDA:15,7,0,98
BRDA:16,8,0,74
BRDA:16,9,0,24
BRDA:40,10,0,98
BRF:11
BRH:11
end_of_record
TN:
SF:src\components\Input.jsx
FN:4,Input
FNF:1
FNH:1
FNDA:158,Input
DA:1,1
DA:2,1
DA:4,158
DA:5,158
DA:6,158
DA:7,158
DA:8,158
DA:9,158
DA:10,158
DA:11,158
DA:12,158
DA:13,158
DA:14,158
DA:15,158
DA:16,158
DA:17,158
DA:18,158
DA:19,158
DA:20,158
DA:21,158
DA:22,158
DA:23,158
DA:25,158
DA:26,158
DA:27,158
DA:28,137
DA:29,137
DA:30,137
DA:32,158
DA:33,158
DA:34,158
DA:35,158
DA:36,158
DA:37,158
DA:38,158
DA:39,158
DA:40,158
DA:41,158
DA:42,158
DA:43,158
DA:44,158
DA:45,158
DA:46,1
DA:48,158
DA:50,158
DA:52,1
LF:46
LH:46
BRDA:4,0,0,158
BRDA:26,1,0,1
BRDA:26,2,0,157
BRDA:27,3,0,137
BRDA:36,4,0,1
BRDA:36,5,0,157
BRDA:45,6,0,1
BRDA:45,7,0,1
BRF:8
BRH:8
end_of_record
TN:
SF:src\components\Loader.jsx
FN:3,Loader
FNF:1
FNH:1
FNDA:3,Loader
DA:1,1
DA:3,3
DA:4,3
DA:5,3
DA:6,3
DA:7,3
DA:8,3
DA:9,3
DA:10,3
DA:12,3
DA:13,3
DA:14,3
DA:15,3
DA:16,3
DA:17,3
DA:18,3
DA:19,3
DA:20,3
DA:21,3
DA:22,3
DA:23,3
DA:24,3
DA:25,3
DA:26,3
DA:28,3
LF:25
LH:25
BRDA:3,0,0,3
BRF:1
BRH:1
end_of_record
TN:
SF:src\components\Modal.jsx
FN:5,Modal
FNF:1
FNH:1
FNDA:117,Modal
DA:1,1
DA:2,1
DA:3,1
DA:5,117
DA:6,117
DA:7,117
DA:8,117
DA:9,117
DA:10,117
DA:11,117
DA:12,117
DA:13,117
DA:14,117
DA:15,117
DA:16,117
DA:17,117
DA:18,117
DA:19,117
DA:21,117
DA:23,58
DA:24,58
DA:25,58
DA:26,58
DA:27,58
DA:29,58
DA:31,58
DA:32,117
DA:34,117
DA:36,117
DA:37,117
DA:38,117
DA:39,117
DA:40,117
DA:41,117
DA:42,117
DA:43,117
DA:44,117
DA:45,117
DA:46,117
DA:47,117
DA:48,117
DA:49,117
DA:50,117
DA:52,117
DA:54,1
LF:45
LH:45
BRDA:5,0,0,117
BRDA:21,1,0,59
BRDA:21,2,0,58
BRDA:32,3,0,58
BRDA:40,4,0,1
BRF:5
BRH:5
end_of_record
TN:
SF:src\components\Spinner.jsx
FN:4,Spinner
FNF:1
FNH:1
FNDA:12,Spinner
DA:1,1
DA:2,1
DA:4,12
DA:5,12
DA:6,12
DA:7,12
DA:8,12
DA:9,12
DA:10,12
DA:11,12
DA:12,12
DA:13,12
DA:14,12
DA:15,12
DA:16,12
DA:17,12
DA:18,12
DA:19,12
DA:20,12
DA:21,12
DA:22,12
DA:23,12
DA:24,12
DA:25,12
DA:26,12
DA:27,12
DA:28,12
DA:29,12
DA:30,12
DA:32,12
DA:33,12
DA:34,12
DA:35,1
DA:36,1
DA:37,1
DA:40,12
DA:41,12
DA:42,12
DA:43,12
DA:44,12
DA:45,12
DA:46,12
DA:47,12
DA:49,12
DA:51,12
DA:52,12
DA:53,12
DA:54,12
DA:55,12
DA:56,12
DA:57,12
DA:58,12
DA:59,12
DA:60,12
DA:61,12
DA:62,12
DA:63,12
DA:64,12
DA:66,12
DA:67,12
DA:68,12
DA:69,12
DA:70,12
DA:71,12
DA:72,12
DA:74,12
DA:75,12
DA:77,12
DA:78,1
DA:79,1
DA:80,1
DA:82,12
DA:84,12
DA:86,1
LF:74
LH:74
BRDA:4,0,0,12
BRDA:33,1,0,1
BRDA:33,2,0,11
BRDA:34,3,0,1
BRDA:44,4,0,11
BRDA:63,5,0,1
BRDA:69,6,0,11
BRDA:77,7,0,1
BRDA:77,8,0,1
BRF:9
BRH:9
end_of_record
TN:
SF:src\components\TextArea.jsx
FN:4,TextArea
FNF:1
FNH:1
FNDA:23,TextArea
DA:1,1
DA:2,1
DA:4,23
DA:5,23
DA:6,23
DA:7,23
DA:8,23
DA:9,23
DA:10,23
DA:11,23
DA:12,23
DA:13,23
DA:14,23
DA:15,23
DA:16,23
DA:17,23
DA:18,23
DA:19,23
DA:20,19
DA:21,19
DA:22,19
DA:25,23
DA:26,23
DA:27,23
DA:28,23
DA:29,23
DA:30,23
DA:31,23
DA:32,23
DA:33,23
DA:34,23
DA:35,23
DA:36,23
DA:37,23
DA:39,23
DA:40,1
DA:42,23
DA:44,23
DA:46,1
LF:39
LH:39
BRDA:4,0,0,23
BRDA:18,1,0,1
BRDA:18,2,0,22
BRDA:19,3,0,19
BRDA:39,4,0,1
BRDA:39,5,0,1
BRF:6
BRH:6
end_of_record
TN:
SF:src\components\index.js
FNF:0
FNH:0
DA:1,1
DA:2,1
DA:3,1
DA:4,1
DA:5,1
DA:6,1
DA:7,1
DA:8,1
DA:9,1
DA:10,1
DA:11,1
DA:12,1
DA:13,1
LF:13
LH:13
BRF:0
BRH:0
end_of_record
TN:
SF:src\components\DataTable\Controls.jsx
FN:3,Controls
FN:15,onChange
FN:22,onChange
FNF:3
FNH:3
FNDA:13,Controls
FNDA:2,onChange
FNDA:2,onChange
DA:1,1
DA:3,1
DA:4,13
DA:5,13
DA:6,13
DA:7,13
DA:8,13
DA:9,13
DA:10,13
DA:11,13
DA:12,13
DA:13,13
DA:14,13
DA:15,13
DA:16,13
DA:17,13
DA:18,13
DA:19,13
DA:20,13
DA:21,13
DA:22,13
DA:23,2
DA:24,2
DA:25,2
DA:27,13
DA:28,52
DA:29,52
DA:30,52
DA:31,13
DA:32,13
DA:33,13
DA:34,13
DA:37,1
LF:33
LH:33
BRDA:3,0,0,13
BRDA:15,1,0,2
BRDA:22,2,0,2
BRDA:27,3,0,52
BRF:4
BRH:4
end_of_record
TN:
SF:src\components\DataTable\DataTable.jsx
FN:9,DataTable
FNF:1
FNH:1
FNDA:10,DataTable
DA:1,1
DA:2,1
DA:3,1
DA:4,1
DA:5,1
DA:6,1
DA:7,1
DA:9,1
DA:10,10
DA:11,10
DA:12,10
DA:13,10
DA:14,10
DA:15,10
DA:16,10
DA:17,10
DA:18,10
DA:19,10
DA:20,10
DA:22,10
DA:24,10
DA:25,10
DA:26,10
DA:27,10
DA:28,10
DA:29,10
DA:30,10
DA:31,10
DA:32,10
DA:33,10
DA:35,10
DA:36,10
DA:37,10
DA:38,10
DA:39,10
DA:40,10
DA:41,10
DA:42,10
DA:43,10
DA:44,10
DA:45,10
DA:46,10
DA:47,10
DA:48,10
DA:49,10
DA:50,10
DA:51,10
DA:52,10
DA:53,10
DA:54,10
DA:55,10
DA:56,10
DA:57,10
DA:58,10
DA:59,10
DA:60,10
DA:61,10
DA:62,10
DA:63,10
DA:64,10
DA:65,10
DA:66,10
DA:67,10
DA:68,10
DA:69,8
DA:70,8
DA:71,8
DA:72,8
DA:73,8
DA:75,10
DA:77,10
DA:79,1
LF:72
LH:72
BRDA:9,0,0,10
BRDA:22,1,0,1
BRDA:68,2,0,8
BRDA:24,3,0,8
BRDA:26,4,0,9
BRF:5
BRH:5
end_of_record
TN:
SF:src\components\DataTable\Pagination.jsx
FN:1,Pagination
FN:6,onClick
FNF:2
FNH:2
FNDA:11,Pagination
FNDA:1,onClick
DA:1,1
DA:2,11
DA:3,11
DA:4,28
DA:5,28
DA:6,28
DA:7,28
DA:8,28
DA:9,28
DA:11,28
DA:12,28
DA:13,28
DA:14,11
DA:17,1
LF:14
LH:14
BRDA:1,0,0,11
BRDA:3,1,0,28
BRDA:8,2,0,11
BRDA:8,3,0,17
BRDA:6,4,0,1
BRF:5
BRH:5
end_of_record
TN:
SF:src\components\DataTable\TableBody.jsx
FN:1,TableBody
FN:33,onClick
FN:39,onClick
FNF:3
FNH:3
FNDA:17,TableBody
FNDA:1,onClick
FNDA:1,onClick
DA:1,1
DA:2,17
DA:3,3
DA:4,3
DA:5,3
DA:6,3
DA:7,3
DA:8,3
DA:10,3
DA:11,3
DA:13,3
DA:15,14
DA:16,51
DA:17,51
DA:18,106
DA:19,106
DA:20,106
DA:21,106
DA:22,106
DA:24,106
DA:25,106
DA:26,51
DA:27,51
DA:28,7
DA:29,7
DA:30,7
DA:31,7
DA:32,7
DA:33,7
DA:34,7
DA:35,7
DA:36,7
DA:37,7
DA:38,7
DA:39,7
DA:40,7
DA:41,7
DA:42,7
DA:43,7
DA:45,51
DA:46,14
DA:47,14
DA:49,1
LF:43
LH:43
BRDA:1,0,0,17
BRDA:2,1,0,3
BRDA:6,2,0,1
BRDA:6,3,0,2
BRDA:13,4,0,14
BRDA:15,5,0,51
BRDA:27,6,0,7
BRDA:17,7,0,106
BRDA:21,8,0,4
BRDA:21,9,0,102
BRDA:33,10,0,1
BRDA:39,11,0,1
BRF:12
BRH:12
end_of_record
TN:
SF:src\components\DataTable\TableHeader.jsx
FN:1,TableHeader
FN:9,handleSort
FN:20,onClick
FNF:3
FNH:3
FNDA:13,TableHeader
FNDA:3,handleSort
FNDA:3,onClick
DA:1,1
DA:2,13
DA:3,13
DA:4,13
DA:5,13
DA:6,13
DA:7,13
DA:8,13
DA:9,13
DA:10,3
DA:11,3
DA:12,3
DA:14,13
DA:15,13
DA:16,13
DA:17,29
DA:18,29
DA:19,29
DA:20,29
DA:22,29
DA:23,29
DA:24,13
DA:25,13
DA:26,13
DA:28,13
DA:30,1
LF:26
LH:26
BRDA:1,0,0,13
BRDA:25,1,0,2
BRDA:9,2,0,3
BRDA:10,3,0,1
BRDA:10,4,0,2
BRDA:16,5,0,29
BRDA:20,6,0,3
BRF:7
BRH:7
end_of_record
TN:
SF:src\contexts\LoaderContext.jsx
FN:6,LoaderProvider
FN:9,showLoader
FN:10,hideLoader
FN:20,useLoader
FNF:4
FNH:4
FNDA:9,LoaderProvider
FNDA:1,showLoader
FNDA:1,hideLoader
FNDA:4,useLoader
DA:1,1
DA:2,1
DA:4,1
DA:6,1
DA:7,9
DA:9,9
DA:10,9
DA:12,9
DA:13,9
DA:14,9
DA:15,9
DA:16,9
DA:18,9
DA:20,1
DA:21,4
DA:22,4
LF:16
LH:16
BRDA:6,0,0,9
BRDA:14,1,0,1
BRDA:9,2,0,1
BRDA:10,3,0,1
BRDA:20,4,0,4
BRF:5
BRH:5
end_of_record
TN:
SF:src\features\auth\components\LoginForm.jsx
FN:4,LoginForm
FNF:1
FNH:1
FNDA:5,LoginForm
DA:1,1
DA:2,1
DA:4,5
DA:5,5
DA:6,5
DA:7,5
DA:8,1
DA:9,1
DA:10,1
DA:13,5
DA:14,5
DA:15,5
DA:16,5
DA:17,5
DA:19,5
DA:20,5
DA:21,5
DA:22,5
DA:23,5
DA:24,5
DA:25,5
DA:26,5
DA:27,5
DA:29,5
DA:30,5
DA:32,5
DA:33,5
DA:34,5
DA:35,5
DA:36,5
DA:38,5
DA:39,5
DA:40,5
DA:41,5
DA:42,5
DA:43,5
DA:44,5
DA:45,5
DA:46,5
DA:48,5
DA:49,5
DA:51,5
DA:52,5
DA:53,5
DA:54,5
DA:55,5
DA:56,5
DA:57,5
DA:58,5
DA:59,5
DA:61,5
LF:51
LH:51
BRDA:4,0,0,5
BRDA:7,1,0,1
BRF:2
BRH:2
end_of_record
TN:
SF:src\features\auth\components\OTPForm.jsx
FN:3,OTPForm
FNF:1
FNH:1
FNDA:9,OTPForm
DA:1,1
DA:3,9
DA:4,9
DA:5,9
DA:6,9
DA:7,9
DA:8,9
DA:9,9
DA:10,9
DA:11,9
DA:12,9
DA:14,9
DA:15,9
DA:16,9
DA:17,4
DA:18,4
DA:19,4
DA:22,9
DA:23,9
DA:24,9
DA:25,9
DA:26,9
DA:28,9
DA:29,9
DA:30,9
DA:31,9
DA:32,9
DA:33,9
DA:34,9
DA:35,9
DA:36,9
DA:37,9
DA:39,9
DA:40,9
DA:41,9
DA:42,9
DA:43,9
DA:44,9
DA:45,9
DA:46,9
DA:48,9
DA:49,9
DA:50,6
DA:51,6
DA:52,6
DA:54,3
DA:55,3
DA:56,3
DA:57,3
DA:58,3
DA:60,3
DA:62,9
DA:63,9
DA:65,9
LF:54
LH:54
BRDA:3,0,0,9
BRDA:16,1,0,4
BRDA:49,2,0,6
BRDA:52,3,0,3
BRF:4
BRH:4
end_of_record
TN:
SF:src\features\auth\hooks\useAuthFlow.js
FN:4,getFriendlyErrorMessage
FN:17,useAuthFlow
FN:33,handleLoginSubmit
FN:46,handleOtpSubmit
FN:57,handleResend
FNF:5
FNH:5
FNDA:3,getFriendlyErrorMessage
FNDA:23,useAuthFlow
FNDA:3,handleLoginSubmit
FNDA:2,handleOtpSubmit
FNDA:3,handleResend
DA:1,1
DA:2,1
DA:3,1
DA:4,3
DA:5,3
DA:6,3
DA:7,3
DA:8,3
DA:9,3
DA:10,3
DA:11,3
DA:12,3
DA:13,3
DA:14,3
DA:15,3
DA:16,1
DA:17,1
DA:18,23
DA:19,23
DA:20,23
DA:21,23
DA:22,23
DA:23,23
DA:24,23
DA:25,13
DA:26,13
DA:27,2
DA:28,0
DA:29,2
DA:30,2
DA:31,23
DA:32,23
DA:33,23
DA:34,3
DA:35,3
DA:36,3
DA:37,3
DA:38,1
DA:39,3
DA:40,1
DA:41,1
DA:42,1
DA:43,1
DA:44,23
DA:45,23
DA:46,23
DA:47,2
DA:48,2
DA:49,2
DA:50,2
DA:51,1
DA:52,1
DA:53,1
DA:54,1
DA:55,23
DA:56,23
DA:57,23
DA:58,3
DA:59,3
DA:60,2
DA:61,2
DA:62,3
DA:63,1
DA:64,1
DA:65,23
DA:66,23
DA:67,23
DA:68,23
DA:69,23
DA:70,23
DA:71,23
DA:72,23
DA:73,23
DA:74,23
DA:75,23
DA:76,23
DA:77,23
DA:78,23
DA:79,23
LF:79
LH:78
BRDA:4,0,0,3
BRDA:13,1,0,0
BRDA:14,2,0,0
BRDA:17,3,0,23
BRDA:24,4,0,13
BRDA:25,5,0,11
BRDA:26,6,0,2
BRDA:26,7,0,1
BRDA:27,8,0,2
BRDA:30,9,0,2
BRDA:33,10,0,3
BRDA:37,11,0,1
BRDA:39,12,0,2
BRDA:39,13,0,1
BRDA:46,14,0,2
BRDA:50,15,0,1
BRDA:57,16,0,3
BRDA:60,17,0,2
BRDA:62,18,0,1
BRF:19
BRH:17
end_of_record
TN:
SF:src\features\auth\pages\LoginPage.jsx
FN:9,LoginPage
FN:50,onChange
FN:53,onSubmit
FN:64,onChange
FN:65,onSubmit
FNF:5
FNH:5
FNDA:4,LoginPage
FNDA:1,onChange
FNDA:1,onSubmit
FNDA:1,onChange
FNDA:1,onSubmit
DA:1,1
DA:2,1
DA:3,1
DA:4,1
DA:5,1
DA:6,1
DA:7,1
DA:9,4
DA:10,4
DA:11,4
DA:13,4
DA:14,4
DA:15,4
DA:16,4
DA:17,4
DA:18,4
DA:19,4
DA:20,4
DA:21,4
DA:22,4
DA:23,4
DA:24,4
DA:25,0
DA:26,0
DA:27,4
DA:29,4
DA:31,4
DA:32,4
DA:33,4
DA:34,4
DA:35,4
DA:37,4
DA:38,4
DA:39,4
DA:40,4
DA:42,4
DA:44,4
DA:46,4
DA:47,1
DA:48,1
DA:49,1
DA:50,1
DA:51,1
DA:53,1
DA:54,1
DA:55,1
DA:56,1
DA:57,1
DA:58,1
DA:60,3
DA:61,3
DA:62,3
DA:63,3
DA:64,3
DA:65,3
DA:66,1
DA:67,1
DA:68,1
DA:69,1
DA:70,3
DA:71,3
DA:73,4
DA:74,4
DA:76,4
LF:64
LH:62
BRDA:9,0,0,4
BRDA:29,1,0,1
BRDA:29,2,0,3
BRDA:46,3,0,1
BRDA:58,4,0,3
BRDA:50,5,0,1
BRDA:53,6,0,1
BRDA:64,7,0,1
BRDA:65,8,0,1
BRF:9
BRH:9
end_of_record
TN:
SF:src\features\auth\services\authService.js
FN:8,login
FN:39,confirmOTP
FN:57,resendOTP
FN:69,logout
FNF:4
FNH:4
FNDA:4,login
FNDA:3,confirmOTP
FNDA:2,resendOTP
FNDA:1,logout
DA:1,1
DA:2,1
DA:3,1
DA:4,1
DA:5,1
DA:6,1
DA:7,1
DA:8,1
DA:9,4
DA:10,4
DA:11,3
DA:12,3
DA:13,3
DA:14,3
DA:15,4
DA:16,1
DA:17,1
DA:18,2
DA:19,2
DA:20,4
DA:21,1
DA:22,1
DA:23,1
DA:24,1
DA:25,1
DA:26,1
DA:27,1
DA:28,1
DA:29,1
DA:30,1
DA:31,1
DA:32,1
DA:33,1
DA:34,1
DA:35,1
DA:36,1
DA:37,4
DA:38,1
DA:39,1
DA:40,3
DA:41,3
DA:42,3
DA:43,1
DA:44,1
DA:45,2
DA:46,3
DA:47,1
DA:48,1
DA:49,1
DA:50,1
DA:51,1
DA:52,1
DA:53,1
DA:54,1
DA:55,1
DA:56,1
DA:57,1
DA:58,2
DA:59,2
DA:60,1
DA:61,1
DA:62,1
DA:63,1
DA:64,1
DA:65,1
DA:66,1
DA:67,1
DA:68,1
DA:69,1
DA:70,1
DA:71,1
DA:72,1
DA:73,1
DA:74,1
LF:74
LH:74
BRDA:8,0,0,4
BRDA:11,1,0,3
BRDA:15,2,0,1
BRDA:17,3,0,2
BRDA:20,4,0,1
BRDA:39,5,0,3
BRDA:42,6,0,2
BRDA:42,7,0,1
BRDA:44,8,0,2
BRDA:46,9,0,1
BRDA:57,10,0,2
BRDA:59,11,0,1
BRDA:69,12,0,1
BRF:13
BRH:13
end_of_record
TN:
SF:src\features\dashboard\DashboardLayout.jsx
FN:5,DashboardLayout
FNF:1
FNH:1
FNDA:6,DashboardLayout
DA:1,1
DA:2,1
DA:3,1
DA:5,6
DA:6,6
DA:8,6
DA:9,6
DA:10,6
DA:11,6
DA:12,6
DA:14,6
LF:11
LH:11
BRDA:5,0,0,6
BRF:1
BRH:1
end_of_record
TN:
SF:src\features\dashboard\components\AddPatient.jsx
FN:6,AddPatient
FN:12,handleCancel
FN:14,handleSave
FN:30,onClick
FNF:4
FNH:4
FNDA:11,AddPatient
FNDA:1,handleCancel
FNDA:1,handleSave
FNDA:3,onClick
DA:1,1
DA:2,1
DA:3,1
DA:4,1
DA:6,1
DA:7,11
DA:8,11
DA:9,11
DA:10,11
DA:12,11
DA:14,11
DA:15,1
DA:16,1
DA:17,1
DA:18,1
DA:20,11
DA:21,3
DA:22,3
DA:23,11
DA:25,11
DA:26,11
DA:27,11
DA:28,11
DA:29,11
DA:30,11
DA:31,11
DA:32,11
DA:33,11
DA:34,11
DA:35,11
DA:36,11
DA:37,11
DA:38,11
DA:39,11
DA:40,11
DA:42,11
DA:43,11
DA:44,11
DA:45,11
DA:46,11
DA:48,11
DA:50,1
LF:42
LH:42
BRDA:6,0,0,11
BRDA:12,1,0,1
BRDA:14,2,0,1
BRDA:20,3,0,3
BRDA:30,4,0,3
BRF:5
BRH:5
end_of_record
TN:
SF:src\features\dashboard\components\AddUser.jsx
FN:8,generateOTP
FN:11,AddUser
FN:22,handleCancel
FN:28,handleConfirmUserForm
FN:36,handleConfirmOTP
FN:60,onClick
FN:91,onChange
FNF:7
FNH:7
FNDA:5,generateOTP
FNDA:32,AddUser
FNDA:2,handleCancel
FNDA:5,handleConfirmUserForm
FNDA:2,handleConfirmOTP
FNDA:6,onClick
FNDA:3,onChange
DA:1,1
DA:2,1
DA:3,1
DA:4,1
DA:5,1
DA:6,1
DA:8,1
DA:9,5
DA:11,1
DA:12,32
DA:13,32
DA:14,32
DA:15,32
DA:16,32
DA:18,32
DA:19,32
DA:20,32
DA:22,32
DA:23,2
DA:24,2
DA:25,2
DA:26,2
DA:28,32
DA:29,5
DA:30,5
DA:31,5
DA:32,5
DA:33,5
DA:34,5
DA:36,32
DA:37,2
DA:38,2
DA:39,2
DA:40,2
DA:41,2
DA:42,1
DA:43,1
DA:44,1
DA:45,1
DA:46,1
DA:47,1
DA:48,2
DA:50,32
DA:51,6
DA:52,6
DA:53,32
DA:55,32
DA:56,32
DA:57,32
DA:58,32
DA:59,32
DA:60,32
DA:61,32
DA:62,32
DA:63,32
DA:65,32
DA:66,32
DA:67,32
DA:68,32
DA:69,32
DA:70,32
DA:71,32
DA:72,32
DA:74,32
DA:75,32
DA:76,32
DA:77,32
DA:79,32
DA:80,32
DA:81,32
DA:82,32
DA:83,32
DA:84,32
DA:85,32
DA:86,32
DA:88,32
DA:89,32
DA:90,32
DA:91,32
DA:92,32
DA:93,32
DA:94,32
DA:95,32
DA:96,32
DA:97,32
DA:99,32
DA:101,1
LF:87
LH:87
BRDA:8,0,0,5
BRDA:11,1,0,32
BRDA:22,2,0,2
BRDA:28,3,0,5
BRDA:36,4,0,2
BRDA:41,5,0,1
BRDA:50,6,0,6
BRDA:60,7,0,6
BRDA:91,8,0,3
BRF:9
BRH:9
end_of_record
TN:
SF:src\features\dashboard\components\Container.jsx
FN:3,Container
FNF:1
FNH:1
FNDA:5,Container
DA:1,1
DA:3,5
DA:4,5
DA:5,5
LF:4
LH:4
BRDA:3,0,0,5
BRF:1
BRH:1
end_of_record
TN:
SF:src\features\dashboard\components\DashboardMain.jsx
FN:5,DashboardMain
FNF:1
FNH:1
FNDA:5,DashboardMain
DA:1,1
DA:2,1
DA:3,1
DA:5,5
DA:6,5
DA:7,5
DA:8,5
DA:9,5
DA:10,5
DA:11,5
DA:13,5
LF:11
LH:11
BRDA:5,0,0,5
BRF:1
BRH:1
end_of_record
TN:
SF:src\features\dashboard\components\EditPatient.jsx
FN:8,EditPatient
FN:20,handleUpdate
FNF:2
FNH:2
FNDA:8,EditPatient
FNDA:3,handleUpdate
DA:1,1
DA:2,1
DA:3,1
DA:4,1
DA:5,1
DA:6,1
DA:8,1
DA:9,8
DA:10,8
DA:11,8
DA:12,8
DA:13,8
DA:15,8
DA:16,4
DA:17,4
DA:18,8
DA:20,8
DA:21,3
DA:22,3
DA:23,3
DA:24,3
DA:25,3
DA:26,3
DA:27,3
DA:28,3
DA:29,3
DA:30,3
DA:31,3
DA:32,3
DA:33,3
DA:34,2
DA:35,2
DA:36,3
DA:37,3
DA:38,1
DA:39,1
DA:40,1
DA:41,3
DA:43,8
DA:44,8
DA:45,8
DA:46,8
DA:47,8
DA:48,8
DA:49,8
DA:50,8
DA:51,8
DA:53,8
DA:54,8
DA:55,8
DA:56,8
DA:58,8
DA:60,1
LF:53
LH:53
BRDA:8,0,0,8
BRDA:15,1,0,4
BRDA:20,2,0,3
BRDA:33,3,0,2
BRDA:37,4,0,1
BRF:5
BRH:5
end_of_record
TN:
SF:src\features\dashboard\components\EditUser.jsx
FN:8,EditUser
FN:19,handleUpdate
FNF:2
FNH:2
FNDA:8,EditUser
FNDA:2,handleUpdate
DA:1,1
DA:2,1
DA:3,1
DA:4,1
DA:5,1
DA:6,1
DA:8,1
DA:9,8
DA:10,8
DA:11,8
DA:12,8
DA:14,8
DA:15,4
DA:16,4
DA:17,8
DA:19,8
DA:20,2
DA:21,2
DA:22,2
DA:23,2
DA:24,2
DA:25,2
DA:26,1
DA:27,1
DA:28,2
DA:29,2
DA:30,1
DA:31,1
DA:32,1
DA:33,2
DA:35,8
DA:36,8
DA:37,8
DA:38,8
DA:39,8
DA:40,8
DA:41,8
DA:42,8
DA:43,8
DA:45,8
DA:46,8
DA:47,8
DA:48,8
DA:49,8
DA:50,8
DA:51,8
DA:52,8
DA:54,8
DA:56,1
LF:49
LH:49
BRDA:8,0,0,8
BRDA:14,1,0,4
BRDA:19,2,0,2
BRDA:25,3,0,1
BRDA:29,4,0,1
BRF:5
BRH:5
end_of_record
TN:
SF:src\features\dashboard\components\PageHeader.jsx
FN:3,PageHeader
FNF:1
FNH:1
FNDA:5,PageHeader
DA:1,1
DA:3,5
DA:4,5
DA:5,5
DA:6,5
DA:7,5
DA:8,5
DA:10,5
LF:8
LH:8
BRDA:3,0,0,5
BRDA:6,1,0,4
BRDA:7,2,0,4
BRF:3
BRH:3
end_of_record
TN:
SF:src\features\dashboard\components\PatientForm.jsx
FN:5,PatientForm
FN:65,onChange
FN:73,onChange
FN:88,onChange
FN:96,onChange
FN:104,onChange
FN:112,onChange
FN:121,onChange
FN:129,onChange
FNF:9
FNH:9
FNDA:27,PatientForm
FNDA:2,onChange
FNDA:1,onChange
FNDA:1,onChange
FNDA:1,onChange
FNDA:1,onChange
FNDA:1,onChange
FNDA:1,onChange
FNDA:1,onChange
DA:1,1
DA:2,1
DA:3,1
DA:5,1
DA:6,27
DA:7,27
DA:8,27
DA:9,27
DA:10,27
DA:11,27
DA:12,27
DA:13,27
DA:14,27
DA:15,27
DA:16,27
DA:17,27
DA:18,27
DA:19,27
DA:20,27
DA:21,27
DA:22,27
DA:23,27
DA:24,27
DA:25,27
DA:26,27
DA:28,27
DA:30,27
DA:31,18
DA:32,18
DA:33,18
DA:34,18
DA:35,18
DA:36,18
DA:37,18
DA:38,18
DA:39,18
DA:40,18
DA:41,18
DA:42,18
DA:43,18
DA:44,18
DA:45,27
DA:46,27
DA:47,27
DA:48,27
DA:49,27
DA:50,27
DA:51,27
DA:52,27
DA:53,27
DA:54,27
DA:55,27
DA:56,27
DA:57,27
DA:59,27
DA:60,27
DA:61,27
DA:62,27
DA:63,27
DA:64,27
DA:65,27
DA:66,27
DA:67,27
DA:68,27
DA:69,27
DA:70,27
DA:71,27
DA:72,27
DA:73,27
DA:74,27
DA:75,27
DA:76,27
DA:77,27
DA:78,27
DA:79,27
DA:80,27
DA:81,27
DA:82,27
DA:83,27
DA:84,27
DA:85,27
DA:86,27
DA:87,27
DA:88,27
DA:89,27
DA:90,27
DA:91,27
DA:92,27
DA:93,27
DA:94,27
DA:95,27
DA:96,27
DA:97,27
DA:98,27
DA:99,27
DA:100,27
DA:101,27
DA:102,27
DA:103,27
DA:104,27
DA:105,27
DA:106,27
DA:107,27
DA:108,27
DA:109,27
DA:110,27
DA:111,27
DA:112,27
DA:113,27
DA:114,27
DA:115,27
DA:116,27
DA:117,27
DA:118,27
DA:119,27
DA:120,27
DA:121,27
DA:122,27
DA:123,27
DA:124,27
DA:125,27
DA:126,27
DA:127,27
DA:128,27
DA:129,27
DA:130,27
DA:131,27
DA:132,27
DA:133,27
DA:135,27
DA:137,1
LF:131
LH:131
BRDA:5,0,0,27
BRDA:30,1,0,18
BRDA:65,2,0,2
BRDA:73,3,0,1
BRDA:88,4,0,1
BRDA:96,5,0,1
BRDA:104,6,0,1
BRDA:112,7,0,1
BRDA:121,8,0,1
BRDA:129,9,0,1
BRF:10
BRH:10
end_of_record
TN:
SF:src\features\dashboard\components\PatientsDataTable.jsx
FN:21,PatientsDataTable
FN:35,handleDeleteClick
FN:40,handleEditClick
FN:51,onClose
FN:63,onClose
FN:66,onCancel
FNF:6
FNH:4
FNDA:15,PatientsDataTable
FNDA:3,handleDeleteClick
FNDA:4,handleEditClick
FNDA:1,onClose
FNDA:0,onClose
FNDA:0,onCancel
DA:1,1
DA:2,1
DA:3,1
DA:4,1
DA:5,1
DA:6,1
DA:8,1
DA:9,1
DA:10,1
DA:11,1
DA:12,1
DA:13,1
DA:14,1
DA:15,1
DA:16,1
DA:17,1
DA:18,1
DA:19,1
DA:21,1
DA:22,15
DA:23,15
DA:25,15
DA:26,15
DA:27,15
DA:28,15
DA:29,15
DA:30,15
DA:31,15
DA:32,15
DA:33,15
DA:35,15
DA:36,3
DA:37,3
DA:38,3
DA:40,15
DA:41,4
DA:42,4
DA:43,4
DA:45,15
DA:46,15
DA:47,15
DA:48,15
DA:49,15
DA:50,15
DA:51,15
DA:52,15
DA:53,15
DA:54,15
DA:55,15
DA:56,15
DA:57,15
DA:58,15
DA:59,15
DA:60,15
DA:61,15
DA:62,15
DA:63,15
DA:64,15
DA:65,15
DA:66,15
DA:67,15
DA:68,15
DA:69,15
DA:70,15
DA:71,15
DA:73,15
DA:74,15
DA:75,15
DA:76,15
DA:77,15
DA:79,15
DA:80,15
DA:81,15
DA:83,15
DA:85,1
LF:75
LH:75
BRDA:21,0,0,15
BRDA:35,1,0,3
BRDA:40,2,0,4
BRDA:51,3,0,1
BRF:4
BRH:4
end_of_record
TN:
SF:src\features\dashboard\components\Sidebar.jsx
FN:7,Sidebar
FN:13,handleLogout
FN:18,handleLinkClick
FN:30,toggle
FN:41,onClick
FN:72,onClose
FN:78,onCancel
FNF:7
FNH:5
FNDA:17,Sidebar
FNDA:1,handleLogout
FNDA:3,handleLinkClick
FNDA:1,toggle
FNDA:3,onClick
FNDA:0,onClose
FNDA:0,onCancel
DA:1,1
DA:2,1
DA:3,1
DA:4,1
DA:5,1
DA:7,17
DA:8,17
DA:9,17
DA:10,17
DA:11,17
DA:13,17
DA:14,1
DA:15,1
DA:16,1
DA:18,17
DA:19,3
DA:20,3
DA:21,3
DA:22,3
DA:24,17
DA:25,17
DA:26,17
DA:27,17
DA:28,17
DA:29,17
DA:30,17
DA:31,17
DA:32,17
DA:33,17
DA:34,58
DA:35,17
DA:36,17
DA:37,17
DA:38,17
DA:39,17
DA:40,17
DA:41,17
DA:43,17
DA:44,17
DA:45,17
DA:46,17
DA:47,17
DA:48,17
DA:49,16
DA:51,17
DA:53,17
DA:55,41
DA:56,41
DA:57,41
DA:58,41
DA:59,41
DA:60,41
DA:61,41
DA:62,41
DA:63,41
DA:65,17
DA:66,17
DA:67,17
DA:68,17
DA:70,17
DA:71,17
DA:72,17
DA:73,17
DA:74,17
DA:75,17
DA:76,17
DA:77,17
DA:78,17
DA:79,17
DA:80,17
DA:81,17
DA:83,17
LF:72
LH:72
BRDA:7,0,0,17
BRDA:26,1,0,1
BRDA:26,2,0,16
BRDA:13,3,0,1
BRDA:18,4,0,3
BRDA:30,5,0,1
BRDA:33,6,0,58
BRDA:34,7,0,17
BRDA:48,8,0,16
BRDA:53,9,0,41
BRDA:41,10,0,3
BRF:11
BRH:11
end_of_record
TN:
SF:src\features\dashboard\components\SidebarHeader.jsx
FN:3,SidebarHeader
FNF:1
FNH:1
FNDA:13,SidebarHeader
DA:1,1
DA:3,13
DA:4,13
DA:5,13
DA:6,13
DA:7,13
DA:8,13
DA:9,13
DA:10,13
DA:11,2
DA:12,11
DA:14,13
DA:15,13
DA:16,13
DA:17,13
DA:18,13
DA:20,13
LF:17
LH:17
BRDA:3,0,0,13
BRDA:6,1,0,11
BRDA:10,2,0,2
BRDA:11,3,0,11
BRF:4
BRH:4
end_of_record
TN:
SF:src\features\dashboard\components\SidebarLink.jsx
FN:4,SidebarLink
FNF:1
FNH:1
FNDA:28,SidebarLink
DA:1,1
DA:2,1
DA:4,28
DA:5,28
DA:6,28
DA:7,28
DA:8,28
DA:10,28
DA:11,28
DA:12,28
DA:14,28
LF:11
LH:11
BRDA:4,0,0,28
BRDA:8,1,0,3
BRDA:8,2,0,25
BRDA:11,3,0,27
BRF:4
BRH:4
end_of_record
TN:
SF:src\features\dashboard\components\UserForm.jsx
FN:5,UserForm
FN:37,onChange
FN:45,onChange
FN:55,onChange
FN:63,onChange
FNF:5
FNH:5
FNDA:16,UserForm
FNDA:2,onChange
FNDA:2,onChange
FNDA:1,onChange
FNDA:1,onChange
DA:1,1
DA:2,1
DA:3,1
DA:5,1
DA:6,16
DA:7,16
DA:8,16
DA:9,16
DA:10,16
DA:11,16
DA:12,16
DA:13,16
DA:14,16
DA:15,16
DA:16,16
DA:18,16
DA:19,12
DA:20,5
DA:21,7
DA:23,12
DA:24,4
DA:25,4
DA:26,4
DA:27,4
DA:28,4
DA:29,16
DA:31,16
DA:32,16
DA:33,16
DA:34,16
DA:35,16
DA:36,16
DA:37,16
DA:38,16
DA:39,16
DA:40,16
DA:41,16
DA:42,16
DA:43,16
DA:44,16
DA:45,16
DA:46,16
DA:47,16
DA:48,16
DA:49,16
DA:50,10
DA:51,10
DA:52,10
DA:53,10
DA:54,10
DA:55,10
DA:56,10
DA:57,10
DA:58,10
DA:59,10
DA:60,10
DA:61,10
DA:62,10
DA:63,10
DA:64,10
DA:65,10
DA:66,10
DA:67,10
DA:68,10
DA:70,16
DA:72,16
DA:74,1
LF:67
LH:67
BRDA:5,0,0,16
BRDA:49,1,0,10
BRDA:18,2,0,12
BRDA:19,3,0,5
BRDA:20,4,0,3
BRDA:20,5,0,7
BRDA:21,6,0,5
BRDA:21,7,0,4
BRDA:21,8,0,3
BRDA:23,9,0,4
BRDA:37,10,0,2
BRDA:45,11,0,2
BRDA:55,12,0,1
BRDA:63,13,0,1
BRF:14
BRH:14
end_of_record
TN:
SF:src\features\dashboard\components\UsersDataTable.jsx
FN:15,UsersDataTable
FN:29,handleDeleteClick
FN:34,handleEditClick
FN:45,onClose
FN:52,onEdit
FN:53,onDelete
FN:59,onClose
FN:62,onCancel
FNF:8
FNH:5
FNDA:7,UsersDataTable
FNDA:2,handleDeleteClick
FNDA:2,handleEditClick
FNDA:0,onClose
FNDA:2,onEdit
FNDA:2,onDelete
FNDA:0,onClose
FNDA:0,onCancel
DA:1,1
DA:2,1
DA:3,1
DA:4,1
DA:5,1
DA:6,1
DA:8,1
DA:9,1
DA:10,1
DA:11,1
DA:12,1
DA:13,1
DA:15,1
DA:16,7
DA:17,7
DA:19,7
DA:20,7
DA:21,7
DA:22,7
DA:23,7
DA:24,7
DA:25,7
DA:26,7
DA:27,7
DA:29,7
DA:30,2
DA:31,2
DA:32,2
DA:34,7
DA:35,2
DA:36,2
DA:37,2
DA:39,7
DA:40,7
DA:41,7
DA:42,7
DA:43,7
DA:44,7
DA:45,7
DA:46,7
DA:47,7
DA:48,7
DA:49,7
DA:50,7
DA:51,7
DA:52,7
DA:53,7
DA:54,2
DA:56,7
DA:57,7
DA:58,7
DA:59,7
DA:60,7
DA:61,7
DA:62,7
DA:63,7
DA:64,7
DA:65,7
DA:66,7
DA:67,7
DA:69,7
DA:70,7
DA:71,7
DA:72,7
DA:73,7
DA:75,7
DA:76,7
DA:77,7
DA:79,7
DA:81,1
LF:70
LH:70
BRDA:15,0,0,7
BRDA:29,1,0,2
BRDA:34,2,0,2
BRDA:52,3,0,2
BRDA:53,4,0,2
BRF:5
BRH:5
end_of_record
TN:
SF:src\features\dashboard\components\index.js
FNF:0
FNH:0
DA:1,1
DA:2,1
DA:3,1
DA:4,1
DA:5,1
DA:6,1
DA:7,1
DA:8,1
DA:9,1
DA:10,1
DA:11,1
DA:12,1
DA:13,1
DA:14,1
LF:14
LH:14
BRF:0
BRH:0
end_of_record
TN:
SF:src\features\dashboard\components\ActivityTracking\ActivityCard.jsx
FN:5,ActivityCard
FNF:1
FNH:1
FNDA:4,ActivityCard
DA:1,1
DA:2,1
DA:3,1
DA:5,1
DA:6,4
DA:7,4
DA:8,4
DA:10,4
DA:11,1
DA:12,1
DA:13,1
DA:14,1
DA:15,1
DA:16,3
DA:17,3
DA:18,3
DA:19,3
DA:20,3
DA:22,4
DA:23,4
DA:24,4
DA:25,4
DA:26,4
DA:28,4
DA:29,4
DA:30,4
DA:31,4
DA:32,4
DA:33,4
DA:34,4
DA:35,4
DA:36,4
DA:37,4
DA:38,4
DA:39,4
DA:40,4
DA:41,4
DA:42,4
DA:43,4
DA:44,4
DA:45,4
DA:46,4
DA:47,4
DA:48,4
DA:50,4
DA:52,1
LF:46
LH:46
BRDA:5,0,0,4
BRDA:6,1,0,1
BRDA:10,2,0,1
BRDA:15,3,0,3
BRDA:24,4,0,1
BRDA:24,5,0,3
BRDA:33,6,0,1
BRDA:33,7,0,3
BRDA:38,8,0,1
BRDA:43,9,0,1
BRDA:43,10,0,3
BRF:11
BRH:11
end_of_record
TN:
SF:src\features\dashboard\components\ActivityTracking\ActivityHistoryCard.jsx
FN:6,ActivityHistoryCard
FN:23,handleSelect
FN:48,onSelect
FNF:3
FNH:3
FNDA:6,ActivityHistoryCard
FNDA:1,handleSelect
FNDA:1,onSelect
DA:1,1
DA:2,1
DA:3,1
DA:4,1
DA:6,1
DA:7,6
DA:8,6
DA:10,6
DA:11,6
DA:12,2
DA:13,2
DA:14,2
DA:15,2
DA:17,6
DA:18,1
DA:19,1
DA:20,1
DA:21,6
DA:23,6
DA:24,1
DA:25,1
DA:26,1
DA:28,6
DA:29,1
DA:30,1
DA:31,1
DA:32,1
DA:34,1
DA:35,1
DA:37,1
DA:39,5
DA:40,5
DA:41,5
DA:42,5
DA:43,5
DA:44,10
DA:45,10
DA:46,10
DA:47,10
DA:48,10
DA:49,10
DA:50,5
DA:51,5
DA:52,5
DA:54,5
DA:56,1
LF:46
LH:46
BRDA:6,0,0,6
BRDA:28,1,0,1
BRDA:37,2,0,5
BRDA:10,3,0,6
BRDA:11,4,0,5
BRDA:11,5,0,2
BRDA:17,6,0,1
BRDA:23,7,0,1
BRDA:43,8,0,10
BRDA:48,9,0,1
BRF:10
BRH:10
end_of_record
TN:
SF:src\features\dashboard\components\ActivityTracking\ActivityProgressCard.jsx
FN:9,ActivityProgressCard
FN:19,renderProgressComponent
FN:48,onChange
FNF:3
FNH:3
FNDA:9,ActivityProgressCard
FNDA:9,renderProgressComponent
FNDA:4,onChange
DA:1,1
DA:2,1
DA:4,1
DA:5,1
DA:6,1
DA:7,1
DA:9,1
DA:10,9
DA:12,9
DA:13,9
DA:14,9
DA:15,9
DA:16,9
DA:17,9
DA:19,9
DA:20,9
DA:21,5
DA:22,5
DA:24,4
DA:25,4
DA:26,4
DA:28,4
DA:29,9
DA:30,1
DA:31,9
DA:32,1
DA:33,9
DA:34,1
DA:35,9
DA:36,1
DA:37,9
DA:38,9
DA:40,9
DA:41,9
DA:42,9
DA:44,9
DA:45,9
DA:46,9
DA:47,9
DA:48,9
DA:49,9
DA:50,9
DA:51,9
DA:52,9
DA:54,9
DA:55,9
DA:57,9
DA:59,1
LF:48
LH:48
BRDA:9,0,0,9
BRDA:19,1,0,9
BRDA:20,2,0,5
BRDA:22,3,0,4
BRDA:29,4,0,1
BRDA:31,5,0,1
BRDA:33,6,0,1
BRDA:35,7,0,1
BRDA:25,8,0,4
BRDA:48,9,0,4
BRF:10
BRH:10
end_of_record
TN:
SF:src\features\dashboard\components\ActivityTracking\ActivityResultsCard.jsx
FN:6,ActivityResultsCard
FNF:1
FNH:1
FNDA:5,ActivityResultsCard
DA:1,1
DA:2,1
DA:3,1
DA:4,1
DA:6,1
DA:7,5
DA:8,1
DA:9,1
DA:10,1
DA:12,1
DA:13,1
DA:16,1
DA:17,1
DA:19,1
DA:21,4
DA:22,5
DA:24,5
DA:25,5
DA:26,1
DA:28,5
DA:29,2
DA:31,5
DA:32,1
DA:33,5
DA:34,5
DA:36,1
LF:26
LH:26
BRDA:6,0,0,5
BRDA:7,1,0,1
BRDA:19,2,0,4
BRDA:22,3,0,1
BRDA:25,4,0,1
BRDA:28,5,0,2
BRDA:31,6,0,1
BRF:7
BRH:7
end_of_record
TN:
SF:src\features\dashboard\components\ActivityTracking\PatientInfoCard.jsx
FN:3,PatientInfoCard
FNF:1
FNH:1
FNDA:4,PatientInfoCard
DA:1,1
DA:3,1
DA:4,4
DA:6,3
DA:7,3
DA:8,3
DA:9,3
DA:10,3
DA:11,3
DA:12,3
DA:13,3
DA:14,3
DA:15,3
DA:16,3
DA:18,3
DA:19,4
DA:21,4
DA:22,4
DA:23,4
DA:24,4
DA:25,4
DA:26,4
DA:27,4
DA:28,4
DA:30,4
DA:31,4
DA:32,4
DA:33,4
DA:35,4
DA:36,4
DA:37,4
DA:38,4
DA:39,4
DA:40,4
DA:41,4
DA:42,4
DA:43,4
DA:44,4
DA:45,4
DA:47,4
DA:48,4
DA:49,4
DA:50,4
DA:51,4
DA:52,4
DA:53,4
DA:54,4
DA:55,4
DA:56,4
DA:58,4
DA:59,4
DA:60,4
DA:61,4
DA:62,4
DA:63,4
DA:64,4
DA:65,4
DA:66,4
DA:67,4
DA:68,4
DA:70,4
DA:71,4
DA:72,4
DA:73,4
DA:74,4
DA:76,4
DA:78,1
LF:67
LH:67
BRDA:3,0,0,4
BRDA:4,1,0,1
BRDA:4,2,0,3
BRDA:19,3,0,2
BRDA:19,4,0,1
BRF:5
BRH:5
end_of_record
TN:
SF:src\features\dashboard\components\Charts\AccuracyDonutChart.jsx
FN:7,AccuracyDonutChart
FN:31,handleResize
FNF:2
FNH:2
FNDA:3,AccuracyDonutChart
FNDA:1,handleResize
DA:1,1
DA:2,1
DA:3,1
DA:5,1
DA:7,1
DA:8,3
DA:9,3
DA:11,3
DA:12,3
DA:13,3
DA:14,3
DA:15,3
DA:16,3
DA:17,3
DA:18,3
DA:19,3
DA:20,3
DA:22,3
DA:23,3
DA:24,3
DA:25,3
DA:26,3
DA:27,3
DA:28,3
DA:30,3
DA:31,3
DA:32,1
DA:33,1
DA:34,3
DA:35,3
DA:36,3
DA:38,3
DA:39,3
DA:40,3
DA:41,3
DA:43,3
DA:45,1
LF:37
LH:37
BRDA:7,0,0,3
BRDA:30,1,0,3
BRDA:31,2,0,1
BRDA:35,3,0,3
BRF:4
BRH:4
end_of_record
TN:
SF:src\features\dashboard\components\Charts\ErrorsLineChart.jsx
FN:24,ErrorsLineChart
FN:66,handleResize
FNF:2
FNH:2
FNDA:3,ErrorsLineChart
FNDA:1,handleResize
DA:1,1
DA:11,1
DA:12,1
DA:14,1
DA:15,1
DA:16,1
DA:17,1
DA:18,1
DA:19,1
DA:20,1
DA:21,1
DA:22,1
DA:24,1
DA:25,3
DA:27,3
DA:28,3
DA:29,3
DA:31,3
DA:33,3
DA:34,3
DA:35,3
DA:36,3
DA:37,3
DA:38,3
DA:39,3
DA:40,3
DA:41,3
DA:42,3
DA:43,3
DA:44,3
DA:45,3
DA:46,3
DA:48,3
DA:49,3
DA:50,3
DA:51,3
DA:52,3
DA:53,3
DA:54,3
DA:55,3
DA:56,3
DA:57,3
DA:58,3
DA:59,3
DA:60,3
DA:61,3
DA:62,3
DA:63,3
DA:65,3
DA:66,3
DA:67,1
DA:68,1
DA:69,1
DA:70,1
DA:72,3
DA:73,3
DA:74,3
DA:76,3
DA:77,3
DA:79,1
LF:60
LH:60
BRDA:24,0,0,3
BRDA:28,1,0,9
BRDA:31,2,0,9
BRDA:65,3,0,3
BRDA:66,4,0,1
BRDA:73,5,0,3
BRF:6
BRH:6
end_of_record
TN:
SF:src\features\dashboard\components\Charts\ErrorsPerQuestionChart.jsx
FN:24,ErrorsPerQuestionChart
FN:60,handleResize
FNF:2
FNH:2
FNDA:3,ErrorsPerQuestionChart
FNDA:1,handleResize
DA:1,1
DA:11,1
DA:12,1
DA:14,1
DA:15,1
DA:16,1
DA:17,1
DA:18,1
DA:19,1
DA:20,1
DA:21,1
DA:22,1
DA:24,1
DA:25,3
DA:27,3
DA:28,3
DA:29,3
DA:30,3
DA:31,3
DA:32,3
DA:33,3
DA:34,3
DA:35,3
DA:36,3
DA:37,3
DA:38,3
DA:39,3
DA:40,3
DA:41,3
DA:43,3
DA:44,3
DA:45,3
DA:46,3
DA:47,3
DA:48,3
DA:49,3
DA:50,3
DA:51,3
DA:52,3
DA:53,3
DA:54,3
DA:55,3
DA:56,3
DA:57,3
DA:59,3
DA:60,3
DA:61,3
DA:62,3
DA:63,3
DA:65,3
DA:66,3
DA:68,1
LF:52
LH:52
BRDA:24,0,0,3
BRDA:27,1,0,9
BRDA:33,2,0,9
BRDA:59,3,0,3
BRDA:60,4,0,1
BRDA:62,5,0,3
BRF:6
BRH:6
end_of_record
TN:
SF:src\features\dashboard\components\Charts\ObservationTimePerTargetChart.jsx
FN:22,ObservationTimePerTargetChart
FN:53,handleResize
FNF:2
FNH:2
FNDA:3,ObservationTimePerTargetChart
FNDA:1,handleResize
DA:1,1
DA:10,1
DA:11,1
DA:13,1
DA:14,1
DA:15,1
DA:16,1
DA:17,1
DA:18,1
DA:19,1
DA:20,1
DA:22,1
DA:23,3
DA:25,3
DA:26,3
DA:27,3
DA:28,3
DA:29,3
DA:30,3
DA:31,3
DA:32,3
DA:33,3
DA:34,3
DA:35,3
DA:37,3
DA:38,3
DA:39,3
DA:40,3
DA:41,3
DA:42,3
DA:43,3
DA:44,3
DA:45,3
DA:46,3
DA:47,3
DA:48,3
DA:49,3
DA:50,3
DA:52,3
DA:53,3
DA:54,3
DA:55,3
DA:56,3
DA:58,3
DA:59,3
DA:61,1
LF:46
LH:46
BRDA:22,0,0,3
BRDA:25,1,0,6
BRDA:31,2,0,6
BRDA:52,3,0,3
BRDA:53,4,0,1
BRDA:55,5,0,3
BRF:6
BRH:6
end_of_record
TN:
SF:src\features\dashboard\components\Charts\ObservationVsErrorsChart.jsx
FN:24,ObservationVsErrorsChart
FN:77,handleResize
FNF:2
FNH:2
FNDA:3,ObservationVsErrorsChart
FNDA:1,handleResize
DA:1,1
DA:11,1
DA:12,1
DA:14,1
DA:15,1
DA:16,1
DA:17,1
DA:18,1
DA:19,1
DA:20,1
DA:21,1
DA:22,1
DA:24,1
DA:25,3
DA:27,3
DA:28,3
DA:29,9
DA:30,9
DA:31,3
DA:33,3
DA:34,3
DA:35,3
DA:36,3
DA:37,3
DA:38,3
DA:39,3
DA:40,3
DA:41,3
DA:42,3
DA:43,3
DA:44,3
DA:45,3
DA:46,3
DA:47,3
DA:48,3
DA:49,3
DA:50,3
DA:51,3
DA:52,3
DA:53,3
DA:54,3
DA:55,3
DA:56,3
DA:58,3
DA:59,3
DA:60,3
DA:61,3
DA:62,3
DA:63,3
DA:64,3
DA:65,3
DA:66,3
DA:67,3
DA:68,3
DA:69,3
DA:70,3
DA:71,3
DA:72,3
DA:73,3
DA:74,3
DA:76,3
DA:77,3
DA:78,3
DA:79,3
DA:80,3
DA:82,3
DA:83,3
DA:85,1
LF:68
LH:68
BRDA:24,0,0,3
BRDA:27,1,0,6
BRDA:28,2,0,9
BRDA:29,3,0,3
BRDA:39,4,0,6
BRDA:76,5,0,3
BRDA:77,6,0,1
BRDA:79,7,0,3
BRF:8
BRH:8
end_of_record
TN:
SF:src\features\dashboard\components\Charts\ResponseTimeLineChart.jsx
FN:24,ResponseTimeLineChart
FN:62,handleResize
FNF:2
FNH:2
FNDA:3,ResponseTimeLineChart
FNDA:1,handleResize
DA:1,1
DA:11,1
DA:12,1
DA:14,1
DA:15,1
DA:16,1
DA:17,1
DA:18,1
DA:19,1
DA:20,1
DA:21,1
DA:22,1
DA:24,1
DA:25,3
DA:27,3
DA:28,3
DA:29,3
DA:31,3
DA:32,3
DA:33,3
DA:34,3
DA:35,3
DA:36,3
DA:37,3
DA:38,3
DA:39,3
DA:40,3
DA:41,3
DA:42,3
DA:43,3
DA:44,3
DA:46,3
DA:47,3
DA:48,3
DA:49,3
DA:50,3
DA:51,3
DA:52,3
DA:53,3
DA:54,3
DA:55,3
DA:56,3
DA:57,3
DA:58,3
DA:59,3
DA:61,3
DA:62,3
DA:63,1
DA:64,1
DA:65,1
DA:66,1
DA:68,3
DA:69,3
DA:70,3
DA:72,3
DA:73,3
DA:74,3
DA:75,3
DA:77,3
DA:79,1
LF:60
LH:60
BRDA:24,0,0,3
BRDA:28,1,0,6
BRDA:36,2,0,6
BRDA:61,3,0,3
BRDA:62,4,0,1
BRDA:69,5,0,3
BRF:6
BRH:6
end_of_record
TN:
SF:src\features\dashboard\components\Charts\ResponseTimePerQuestionChart.jsx
FN:24,ResponseTimePerQuestionChart
FN:61,handleResize
FNF:2
FNH:2
FNDA:3,ResponseTimePerQuestionChart
FNDA:1,handleResize
DA:1,1
DA:11,1
DA:12,1
DA:14,1
DA:15,1
DA:16,1
DA:17,1
DA:18,1
DA:19,1
DA:20,1
DA:21,1
DA:22,1
DA:24,1
DA:25,3
DA:27,3
DA:28,3
DA:30,3
DA:31,3
DA:32,3
DA:33,3
DA:34,3
DA:35,3
DA:36,3
DA:37,3
DA:38,3
DA:39,3
DA:40,3
DA:41,3
DA:42,3
DA:43,3
DA:45,3
DA:46,3
DA:47,3
DA:48,3
DA:49,3
DA:50,3
DA:51,3
DA:52,3
DA:53,3
DA:54,3
DA:55,3
DA:56,3
DA:57,3
DA:58,3
DA:60,3
DA:61,3
DA:62,1
DA:63,1
DA:64,3
DA:65,3
DA:66,3
DA:68,3
DA:69,3
DA:71,1
LF:54
LH:54
BRDA:24,0,0,3
BRDA:27,1,0,9
BRDA:28,2,0,9
BRDA:60,3,0,3
BRDA:61,4,0,1
BRDA:65,5,0,3
BRF:6
BRH:6
end_of_record
TN:
SF:src\features\dashboard\components\Progress\GeneralProgress.jsx
FN:22,GeneralProgress
FNF:1
FNH:1
FNDA:5,GeneralProgress
DA:1,1
DA:2,1
DA:3,1
DA:13,1
DA:14,1
DA:15,1
DA:16,1
DA:17,1
DA:18,1
DA:19,1
DA:20,1
DA:22,1
DA:23,5
DA:25,5
DA:27,5
DA:28,1
DA:29,1
DA:30,1
DA:31,1
DA:32,1
DA:33,1
DA:34,1
DA:35,1
DA:36,1
DA:38,1
DA:40,1
DA:42,3
DA:43,3
DA:44,3
DA:46,3
DA:47,3
DA:48,3
DA:49,3
DA:50,3
DA:51,3
DA:52,3
DA:53,3
DA:54,3
DA:55,3
DA:56,3
DA:58,3
DA:59,3
DA:60,3
DA:62,3
DA:63,3
DA:64,3
DA:65,3
DA:66,3
DA:67,3
DA:68,3
DA:69,1
DA:70,2
DA:71,1
DA:72,1
DA:73,5
DA:74,5
DA:75,5
DA:76,5
DA:77,5
DA:79,5
DA:80,5
DA:81,5
DA:82,5
DA:84,5
DA:86,1
LF:65
LH:65
BRDA:22,0,0,5
BRDA:25,1,0,1
BRDA:25,2,0,4
BRDA:27,3,0,1
BRDA:40,4,0,3
BRDA:68,5,0,1
BRDA:69,6,0,2
BRDA:70,7,0,1
BRDA:71,8,0,1
BRF:9
BRH:9
end_of_record
TN:
SF:src\features\dashboard\components\Progress\Progress1.jsx
FN:35,render
FN:39,Progress1
FN:55,onClick
FNF:3
FNH:1
FNDA:0,render
FNDA:2,Progress1
FNDA:0,onClick
DA:1,1
DA:2,1
DA:3,1
DA:12,1
DA:13,1
DA:15,1
DA:16,1
DA:17,1
DA:18,1
DA:19,1
DA:20,1
DA:21,1
DA:22,1
DA:24,1
DA:25,1
DA:26,1
DA:27,1
DA:28,1
DA:29,1
DA:30,1
DA:31,1
DA:32,1
DA:33,1
DA:34,1
DA:35,1
DA:36,1
DA:37,1
DA:39,1
DA:40,2
DA:41,2
DA:42,2
DA:44,2
DA:45,2
DA:46,2
DA:48,2
DA:49,2
DA:50,2
DA:52,2
DA:53,2
DA:54,2
DA:55,2
DA:56,0
DA:57,0
DA:58,0
DA:59,0
DA:60,0
DA:61,0
DA:62,0
DA:63,0
DA:64,0
DA:65,0
DA:66,0
DA:67,0
DA:68,0
DA:69,2
DA:71,2
DA:72,2
DA:73,2
DA:75,2
DA:76,1
DA:77,1
DA:78,1
DA:79,1
DA:80,1
DA:81,1
DA:82,1
DA:83,1
DA:84,1
DA:85,1
DA:87,1
DA:89,1
DA:90,1
DA:91,1
DA:92,1
DA:94,1
DA:95,1
DA:96,0
DA:97,0
DA:98,0
DA:99,0
DA:100,0
DA:101,0
DA:102,0
DA:103,0
DA:104,0
DA:105,0
DA:107,1
DA:108,1
DA:109,1
DA:110,1
DA:111,1
DA:112,1
DA:113,1
DA:115,1
DA:118,1
DA:119,1
DA:121,1
DA:122,1
DA:124,2
DA:126,2
DA:128,1
LF:101
LH:78
BRDA:39,0,0,2
BRDA:49,1,0,1
BRDA:49,2,0,1
BRDA:75,3,0,1
BRDA:87,4,0,1
BRDA:95,5,0,0
BRF:6
BRH:5
end_of_record
TN:
SF:src\features\dashboard\components\Progress\Progress2.jsx
FN:34,render
FN:38,Progress2
FN:54,onClick
FNF:3
FNH:1
FNDA:0,render
FNDA:2,Progress2
FNDA:0,onClick
DA:1,1
DA:2,1
DA:3,1
DA:12,1
DA:13,1
DA:15,1
DA:16,1
DA:17,1
DA:18,1
DA:19,1
DA:20,1
DA:21,1
DA:22,1
DA:24,1
DA:25,1
DA:26,1
DA:27,1
DA:28,1
DA:29,1
DA:30,1
DA:31,1
DA:32,1
DA:33,1
DA:34,1
DA:35,1
DA:36,1
DA:38,1
DA:39,2
DA:40,2
DA:41,2
DA:43,2
DA:44,2
DA:45,2
DA:47,2
DA:48,2
DA:49,2
DA:51,2
DA:52,2
DA:53,2
DA:54,2
DA:55,0
DA:56,0
DA:57,0
DA:58,0
DA:59,0
DA:60,0
DA:61,0
DA:62,0
DA:63,0
DA:64,0
DA:65,0
DA:66,0
DA:67,0
DA:68,2
DA:70,2
DA:71,2
DA:72,2
DA:74,2
DA:75,1
DA:76,1
DA:77,1
DA:78,1
DA:79,1
DA:80,1
DA:81,1
DA:82,1
DA:83,1
DA:84,1
DA:86,1
DA:88,1
DA:89,1
DA:90,1
DA:91,1
DA:93,1
DA:94,1
DA:95,0
DA:96,0
DA:97,0
DA:98,0
DA:99,0
DA:100,0
DA:101,0
DA:102,0
DA:103,0
DA:104,0
DA:106,1
DA:107,1
DA:108,1
DA:109,1
DA:110,1
DA:111,1
DA:112,1
DA:114,1
DA:117,1
DA:118,1
DA:120,1
DA:121,1
DA:123,2
DA:125,2
DA:127,1
LF:100
LH:77
BRDA:38,0,0,2
BRDA:48,1,0,1
BRDA:48,2,0,1
BRDA:74,3,0,1
BRDA:86,4,0,1
BRDA:94,5,0,0
BRF:6
BRH:5
end_of_record
TN:
SF:src\features\dashboard\components\Progress\Progress3.jsx
FN:33,render
FN:37,Progress3
FN:54,onClick
FNF:3
FNH:1
FNDA:0,render
FNDA:2,Progress3
FNDA:0,onClick
DA:1,1
DA:2,1
DA:3,1
DA:12,1
DA:13,1
DA:15,1
DA:16,1
DA:17,1
DA:18,1
DA:19,1
DA:20,1
DA:21,1
DA:22,1
DA:24,1
DA:25,1
DA:26,1
DA:27,1
DA:28,1
DA:29,1
DA:30,1
DA:31,1
DA:32,1
DA:33,1
DA:34,1
DA:35,1
DA:37,1
DA:38,2
DA:39,2
DA:40,2
DA:42,2
DA:43,2
DA:44,0
DA:46,2
DA:48,2
DA:49,2
DA:51,2
DA:52,2
DA:53,2
DA:54,2
DA:55,0
DA:56,0
DA:57,0
DA:58,0
DA:59,0
DA:60,0
DA:61,0
DA:62,0
DA:63,0
DA:64,0
DA:65,0
DA:66,0
DA:67,0
DA:68,2
DA:70,2
DA:71,2
DA:72,2
DA:74,2
DA:75,1
DA:76,1
DA:77,1
DA:78,1
DA:79,1
DA:80,1
DA:81,1
DA:82,1
DA:83,1
DA:84,1
DA:86,1
DA:88,1
DA:89,1
DA:90,1
DA:91,1
DA:93,1
DA:94,1
DA:95,0
DA:96,0
DA:97,0
DA:98,0
DA:99,0
DA:100,0
DA:101,0
DA:102,0
DA:103,0
DA:104,0
DA:106,1
DA:107,1
DA:108,1
DA:109,1
DA:110,1
DA:111,1
DA:112,1
DA:114,1
DA:117,1
DA:118,1
DA:120,1
DA:121,1
DA:123,2
DA:125,2
DA:127,1
LF:99
LH:75
BRDA:37,0,0,2
BRDA:43,1,0,0
BRDA:74,2,0,1
BRDA:86,3,0,1
BRDA:94,4,0,0
BRF:5
BRH:3
end_of_record
TN:
SF:src\features\dashboard\components\Progress\hooks\useActividad1Data.js
FN:7,useActividad1Data
FN:12,procesar
FN:126,obtenerDetallePorFecha
FNF:3
FNH:3
FNDA:2,useActividad1Data
FNDA:1,procesar
FNDA:1,obtenerDetallePorFecha
DA:1,1
DA:2,1
DA:5,1
DA:6,1
DA:7,1
DA:8,2
DA:9,2
DA:10,2
DA:11,2
DA:12,1
DA:13,1
DA:14,1
DA:15,1
DA:16,1
DA:17,1
DA:18,3
DA:19,3
DA:20,3
DA:21,3
DA:22,3
DA:23,3
DA:24,3
DA:25,1
DA:26,1
DA:27,1
DA:28,1
DA:29,1
DA:30,1
DA:31,1
DA:32,1
DA:33,1
DA:34,1
DA:35,1
DA:36,1
DA:37,1
DA:38,3
DA:39,3
DA:40,3
DA:41,3
DA:42,3
DA:43,3
DA:44,3
DA:45,3
DA:46,3
DA:47,1
DA:48,1
DA:49,1
DA:50,1
DA:51,1
DA:52,1
DA:53,1
DA:54,1
DA:55,1
DA:56,1
DA:57,1
DA:58,1
DA:59,1
DA:60,1
DA:61,1
DA:62,1
DA:63,1
DA:64,3
DA:65,3
DA:66,3
DA:67,3
DA:68,3
DA:69,3
DA:70,3
DA:71,3
DA:72,3
DA:73,3
DA:74,3
DA:75,3
DA:76,3
DA:77,3
DA:78,3
DA:79,3
DA:80,3
DA:81,3
DA:82,2
DA:83,2
DA:84,1
DA:85,3
DA:86,3
DA:87,3
DA:88,3
DA:89,3
DA:90,3
DA:91,3
DA:92,3
DA:93,3
DA:94,3
DA:95,3
DA:96,3
DA:97,3
DA:98,3
DA:99,3
DA:100,3
DA:101,3
DA:102,3
DA:103,3
DA:104,3
DA:105,3
DA:106,3
DA:107,3
DA:108,3
DA:109,3
DA:110,1
DA:111,1
DA:112,1
DA:113,1
DA:114,1
DA:115,1
DA:116,1
DA:117,1
DA:118,1
DA:119,1
DA:120,1
DA:121,1
DA:122,2
DA:123,2
DA:124,2
DA:125,2
DA:126,2
DA:127,2
DA:128,2
DA:129,2
LF:127
LH:127
BRDA:7,0,0,2
BRDA:124,1,0,0
BRDA:11,2,0,1
BRDA:119,3,0,0
BRDA:12,4,0,1
BRDA:13,5,0,0
BRDA:14,6,0,3
BRDA:15,7,0,2
BRDA:17,8,0,3
BRDA:22,9,0,1
BRDA:35,10,0,1
BRDA:37,11,0,3
BRDA:63,12,0,3
BRDA:80,13,0,1
BRDA:81,14,0,2
BRDA:82,15,0,1
BRDA:83,16,0,1
BRDA:85,17,0,0
BRDA:88,18,0,6
BRDA:91,19,0,6
BRDA:97,20,0,6
BRDA:126,21,0,1
BRDA:126,22,0,0
BRF:23
BRH:18
end_of_record
TN:
SF:src\features\dashboard\components\Progress\hooks\useActividad2Data.js
FN:7,useActividad2Data
FN:12,procesar
FN:110,obtenerDetallePorFecha
FNF:3
FNH:3
FNDA:3,useActividad2Data
FNDA:1,procesar
FNDA:1,obtenerDetallePorFecha
DA:1,1
DA:2,1
DA:5,1
DA:6,1
DA:7,1
DA:8,3
DA:9,3
DA:10,3
DA:11,3
DA:12,2
DA:13,1
DA:14,1
DA:15,1
DA:16,1
DA:17,1
DA:18,2
DA:19,2
DA:20,2
DA:21,2
DA:22,2
DA:23,2
DA:24,2
DA:25,2
DA:26,1
DA:27,1
DA:28,1
DA:29,1
DA:30,1
DA:31,1
DA:32,1
DA:33,1
DA:34,1
DA:35,1
DA:36,1
DA:37,1
DA:38,1
DA:39,2
DA:40,2
DA:41,2
DA:42,2
DA:43,2
DA:44,2
DA:45,2
DA:46,2
DA:47,2
DA:48,2
DA:49,2
DA:50,1
DA:51,1
DA:52,1
DA:53,1
DA:54,1
DA:55,1
DA:56,1
DA:57,1
DA:58,1
DA:59,1
DA:60,1
DA:61,1
DA:62,1
DA:63,1
DA:64,1
DA:65,1
DA:66,1
DA:67,2
DA:68,2
DA:69,2
DA:70,2
DA:71,2
DA:72,2
DA:73,2
DA:74,2
DA:75,2
DA:76,2
DA:77,2
DA:78,2
DA:79,2
DA:80,2
DA:81,2
DA:82,2
DA:83,2
DA:84,2
DA:85,2
DA:86,2
DA:87,2
DA:88,2
DA:89,2
DA:90,2
DA:91,2
DA:92,2
DA:93,2
DA:94,1
DA:95,1
DA:96,1
DA:97,1
DA:98,1
DA:99,1
DA:100,1
DA:101,2
DA:102,2
DA:103,2
DA:104,1
DA:105,1
DA:106,3
DA:107,3
DA:108,3
DA:109,3
DA:110,3
DA:111,3
DA:112,3
DA:113,3
LF:111
LH:111
BRDA:7,0,0,3
BRDA:108,1,0,0
BRDA:11,2,0,2
BRDA:103,3,0,1
BRDA:103,4,0,1
BRDA:12,5,0,1
BRDA:13,6,0,0
BRDA:14,7,0,2
BRDA:15,8,0,1
BRDA:17,9,0,2
BRDA:23,10,0,1
BRDA:36,11,0,1
BRDA:38,12,0,2
BRDA:42,13,0,0
BRDA:66,14,0,2
BRDA:69,15,0,0
BRDA:84,16,0,0
BRDA:110,17,0,1
BRDA:110,18,0,0
BRF:19
BRH:13
end_of_record
TN:
SF:src\features\dashboard\components\Progress\hooks\useActividad3Data.js
FN:7,getDificultadTexto
FN:14,useActividad3Data
FNF:2
FNH:0
FNDA:0,getDificultadTexto
FNDA:0,useActividad3Data
DA:1,1
DA:2,1
DA:5,1
DA:6,1
DA:7,1
DA:8,0
DA:9,0
DA:10,0
DA:11,0
DA:12,0
DA:13,1
DA:14,1
DA:15,0
DA:16,0
DA:17,0
DA:18,0
DA:19,0
DA:20,0
DA:21,0
DA:22,0
DA:23,0
DA:24,0
DA:25,0
DA:26,0
DA:27,0
DA:28,0
DA:29,0
DA:30,0
DA:31,0
DA:32,0
DA:33,0
DA:34,0
DA:35,0
DA:36,0
DA:37,0
DA:38,0
DA:39,0
DA:40,0
DA:41,0
DA:42,0
DA:43,0
DA:44,0
DA:45,0
DA:46,0
DA:47,0
DA:48,0
DA:49,0
DA:50,0
DA:51,0
DA:52,0
DA:53,0
DA:54,0
DA:55,0
DA:56,0
DA:57,0
DA:58,0
DA:59,0
DA:60,0
DA:61,0
DA:62,0
DA:63,0
DA:64,0
DA:65,0
DA:66,0
DA:67,0
DA:68,0
DA:69,0
DA:70,0
DA:71,0
DA:72,0
DA:73,0
DA:74,0
DA:75,0
DA:76,0
DA:77,0
DA:78,0
DA:79,0
DA:80,0
DA:81,0
DA:82,0
DA:83,0
DA:84,0
DA:85,0
DA:86,0
DA:87,0
DA:88,0
DA:89,0
DA:90,0
DA:91,0
DA:92,0
DA:93,0
DA:94,0
DA:95,0
DA:96,0
DA:97,0
DA:98,0
DA:99,0
DA:100,0
DA:101,0
DA:102,0
DA:103,0
DA:104,0
DA:105,0
DA:106,0
DA:107,0
DA:108,0
DA:109,0
DA:110,0
DA:111,0
DA:112,0
DA:113,0
DA:114,0
DA:115,0
DA:116,0
DA:117,0
DA:118,0
DA:119,0
DA:120,0
LF:118
LH:7
BRF:0
BRH:0
end_of_record
TN:
SF:src\features\dashboard\components\Progress\hooks\useGeneralChartData.js
FN:8,useGeneralChartData
FNF:1
FNH:0
FNDA:0,useGeneralChartData
DA:1,1
DA:2,1
DA:6,1
DA:7,1
DA:8,1
DA:9,0
DA:10,0
DA:11,0
DA:12,0
DA:13,0
DA:14,0
DA:15,0
DA:16,0
DA:17,0
DA:18,0
DA:19,0
DA:20,0
DA:21,0
DA:22,0
DA:23,0
DA:24,0
DA:25,0
DA:26,0
DA:27,0
DA:28,0
DA:29,0
DA:30,0
DA:31,0
DA:32,0
DA:33,0
DA:34,0
DA:35,0
DA:36,0
DA:37,0
DA:38,0
DA:39,0
DA:40,0
DA:41,0
DA:42,0
DA:43,0
DA:44,0
DA:45,0
DA:46,0
DA:47,0
DA:48,0
DA:49,0
DA:50,0
DA:51,0
DA:52,0
DA:53,0
DA:54,0
DA:55,0
DA:56,0
DA:57,0
DA:58,0
DA:59,0
DA:60,0
DA:61,0
DA:62,0
DA:63,0
DA:64,0
DA:65,0
DA:66,0
DA:67,0
DA:68,0
DA:69,0
DA:70,0
DA:71,0
DA:72,0
DA:73,0
DA:74,0
DA:75,0
DA:76,0
DA:77,0
DA:78,0
DA:79,0
DA:80,0
DA:81,0
DA:82,0
DA:83,0
DA:84,0
DA:85,0
DA:86,0
DA:87,0
DA:88,0
DA:89,0
DA:90,0
DA:91,0
DA:92,0
DA:93,0
DA:94,0
DA:95,0
DA:96,0
DA:97,0
DA:98,0
DA:99,0
DA:100,0
DA:101,0
DA:102,0
DA:103,0
DA:104,0
DA:105,0
DA:106,0
DA:107,0
DA:108,0
DA:109,0
DA:110,0
DA:111,0
DA:112,0
DA:113,0
LF:110
LH:5
BRF:0
BRH:0
end_of_record
TN:
SF:src\features\dashboard\components\Progress\services\actividad1ConfigService.js
FN:31,fetchParametrosActividad1
FN:54,__setCachedParametrosActividad1
FNF:2
FNH:2
FNDA:5,fetchParametrosActividad1
FNDA:4,__setCachedParametrosActividad1
DA:1,1
DA:2,1
DA:3,1
DA:4,1
DA:5,1
DA:6,1
DA:7,1
DA:8,1
DA:9,1
DA:10,1
DA:11,1
DA:12,1
DA:13,1
DA:14,1
DA:15,1
DA:16,1
DA:17,1
DA:18,1
DA:19,1
DA:20,1
DA:21,1
DA:22,1
DA:23,1
DA:24,1
DA:25,1
DA:26,1
DA:27,1
DA:28,1
DA:29,1
DA:30,1
DA:31,1
DA:32,5
DA:33,4
DA:34,4
DA:35,4
DA:36,4
DA:37,4
DA:38,5
DA:39,2
DA:40,5
DA:41,1
DA:42,1
DA:43,5
DA:44,1
DA:45,1
DA:46,1
DA:47,1
DA:48,1
DA:49,1
DA:50,4
DA:51,4
DA:52,4
DA:53,1
DA:54,1
DA:55,4
DA:56,4
LF:56
LH:56
BRDA:31,0,0,5
BRDA:32,1,0,1
BRDA:33,2,0,4
BRDA:38,3,0,3
BRDA:38,4,0,2
BRDA:40,5,0,1
BRDA:43,6,0,1
BRDA:49,7,0,4
BRDA:54,8,0,4
BRF:9
BRH:9
end_of_record
TN:
SF:src\features\dashboard\components\Progress\services\actividad2ConfigService.js
FN:19,fetchParametrosActividad2
FN:42,__setCachedParametros
FNF:2
FNH:2
FNDA:5,fetchParametrosActividad2
FNDA:4,__setCachedParametros
DA:1,1
DA:2,1
DA:3,1
DA:4,1
DA:5,1
DA:6,1
DA:7,1
DA:8,1
DA:9,1
DA:10,1
DA:11,1
DA:12,1
DA:13,1
DA:14,1
DA:15,1
DA:16,1
DA:17,1
DA:18,1
DA:19,1
DA:20,5
DA:21,4
DA:22,4
DA:23,4
DA:24,4
DA:25,4
DA:26,5
DA:27,2
DA:28,5
DA:29,1
DA:30,1
DA:31,5
DA:32,1
DA:33,1
DA:34,1
DA:35,1
DA:36,1
DA:37,1
DA:38,4
DA:39,4
DA:40,4
DA:41,1
DA:42,1
DA:43,4
DA:44,4
LF:44
LH:44
BRDA:19,0,0,5
BRDA:20,1,0,1
BRDA:21,2,0,4
BRDA:26,3,0,3
BRDA:26,4,0,2
BRDA:28,5,0,1
BRDA:31,6,0,1
BRDA:37,7,0,4
BRDA:42,8,0,4
BRF:9
BRH:9
end_of_record
TN:
SF:src\features\dashboard\components\Progress\services\actividad3ConfigService.js
FN:18,fetchParametrosActividad3
FN:41,__setCachedParametrosActividad3
FNF:2
FNH:2
FNDA:5,fetchParametrosActividad3
FNDA:4,__setCachedParametrosActividad3
DA:1,1
DA:2,1
DA:3,1
DA:4,1
DA:5,1
DA:6,1
DA:7,1
DA:8,1
DA:9,1
DA:10,1
DA:11,1
DA:12,1
DA:13,1
DA:14,1
DA:15,1
DA:16,1
DA:17,1
DA:18,1
DA:19,5
DA:20,4
DA:21,4
DA:22,4
DA:23,4
DA:24,4
DA:25,5
DA:26,2
DA:27,5
DA:28,1
DA:29,1
DA:30,5
DA:31,1
DA:32,1
DA:33,1
DA:34,1
DA:35,1
DA:36,1
DA:37,4
DA:38,4
DA:39,4
DA:40,1
DA:41,1
DA:42,4
DA:43,4
LF:43
LH:43
BRDA:18,0,0,5
BRDA:19,1,0,1
BRDA:20,2,0,4
BRDA:25,3,0,3
BRDA:25,4,0,2
BRDA:27,5,0,1
BRDA:30,6,0,1
BRDA:36,7,0,4
BRDA:41,8,0,4
BRF:9
BRH:9
end_of_record
TN:
SF:src\features\dashboard\components\Progress\utils\mapSessionToScore.js
FN:5,mapSesionActividad1
FN:12,mapSesionActividad2
FN:20,mapSesionActividad3
FNF:3
FNH:3
FNDA:1,mapSesionActividad1
FNDA:1,mapSesionActividad2
FNDA:1,mapSesionActividad3
DA:1,1
DA:2,1
DA:3,1
DA:4,1
DA:5,1
DA:6,1
DA:7,1
DA:8,1
DA:9,1
DA:10,1
DA:11,1
DA:12,1
DA:13,1
DA:14,1
DA:15,1
DA:16,1
DA:17,1
DA:18,1
DA:19,1
DA:20,1
DA:21,1
DA:22,1
DA:23,1
DA:24,1
LF:24
LH:24
BRDA:5,0,0,1
BRDA:12,1,0,1
BRDA:20,2,0,1
BRF:3
BRH:3
end_of_record
TN:
SF:src\features\dashboard\components\Progress\utils\scoreActividad1.js
FN:3,getNivelDesdeSettings
FN:11,calcularPuntajeActividad1
FN:58,generarObservacionesActividad1
FNF:3
FNH:3
FNDA:13,getNivelDesdeSettings
FNDA:9,calcularPuntajeActividad1
FNDA:6,generarObservacionesActividad1
DA:1,1
DA:2,1
DA:3,1
DA:4,13
DA:5,13
DA:6,13
DA:7,13
DA:8,3
DA:9,3
DA:10,1
DA:11,1
DA:12,9
DA:13,9
DA:14,9
DA:15,9
DA:16,9
DA:17,9
DA:18,8
DA:19,8
DA:20,8
DA:21,8
DA:22,8
DA:23,9
DA:24,9
DA:25,9
DA:26,9
DA:27,9
DA:28,9
DA:29,9
DA:30,9
DA:31,9
DA:32,9
DA:33,9
DA:34,9
DA:35,9
DA:36,5
DA:37,5
DA:38,8
DA:39,9
DA:40,1
DA:41,1
DA:42,1
DA:43,8
DA:44,9
DA:45,2
DA:46,2
DA:47,8
DA:48,8
DA:49,8
DA:50,8
DA:51,8
DA:52,8
DA:53,8
DA:54,9
DA:55,9
DA:56,9
DA:57,1
DA:58,1
DA:59,6
DA:60,6
DA:61,6
DA:62,6
DA:63,6
DA:64,6
DA:65,5
DA:66,5
DA:67,5
DA:68,5
DA:69,6
DA:70,6
DA:71,6
DA:72,6
DA:73,6
DA:74,6
DA:75,6
DA:76,6
DA:77,6
DA:78,6
DA:79,6
DA:80,6
DA:81,6
DA:82,1
DA:83,1
DA:84,5
DA:85,6
DA:86,1
DA:87,1
DA:88,5
DA:89,6
DA:90,1
DA:91,1
DA:92,5
DA:93,5
DA:94,6
DA:95,6
DA:96,6
DA:97,4
DA:98,6
DA:99,1
DA:100,1
DA:101,5
DA:102,6
DA:103,5
DA:104,5
DA:105,5
LF:105
LH:105
BRDA:3,0,0,13
BRDA:4,1,0,12
BRDA:4,2,0,4
BRDA:5,3,0,9
BRDA:5,4,0,1
BRDA:6,5,0,8
BRDA:6,6,0,3
BRDA:7,7,0,5
BRDA:7,8,0,2
BRDA:8,9,0,3
BRDA:11,10,0,9
BRDA:17,11,0,1
BRDA:18,12,0,8
BRDA:23,13,0,1
BRDA:35,14,0,5
BRDA:37,15,0,8
BRDA:39,16,0,1
BRDA:42,17,0,8
BRDA:44,18,0,2
BRDA:46,19,0,8
BRDA:54,20,0,2
BRDA:25,21,0,21
BRDA:28,22,0,21
BRDA:30,23,0,17
BRDA:58,24,0,6
BRDA:64,25,0,1
BRDA:65,26,0,5
BRDA:69,27,0,1
BRDA:81,28,0,1
BRDA:83,29,0,5
BRDA:85,30,0,1
BRDA:87,31,0,5
BRDA:89,32,0,1
BRDA:91,33,0,5
BRDA:94,34,0,4
BRDA:95,35,0,4
BRDA:96,36,0,4
BRDA:98,37,0,1
BRDA:100,38,0,5
BRDA:102,39,0,3
BRDA:103,40,0,5
BRDA:71,41,0,18
BRDA:74,42,0,18
BRDA:76,43,0,14
BRF:44
BRH:44
end_of_record
TN:
SF:src\features\dashboard\components\Progress\utils\scoreActividad2.js
FN:3,getMaxItems
FN:5,calcularPuntaje
FN:50,generarObservaciones
FNF:3
FNH:3
FNDA:14,getMaxItems
FNDA:9,calcularPuntaje
FNDA:7,generarObservaciones
DA:1,1
DA:2,1
DA:3,1
DA:4,1
DA:5,1
DA:6,9
DA:7,9
DA:8,9
DA:9,9
DA:10,9
DA:11,9
DA:12,9
DA:13,8
DA:14,8
DA:15,8
DA:16,8
DA:17,8
DA:18,9
DA:19,1
DA:20,1
DA:21,7
DA:22,7
DA:23,7
DA:24,7
DA:25,9
DA:26,5
DA:27,5
DA:28,7
DA:29,9
DA:30,3
DA:31,3
DA:32,3
DA:33,7
DA:34,9
DA:35,3
DA:36,3
DA:37,3
DA:38,7
DA:39,7
DA:40,7
DA:41,7
DA:42,7
DA:43,7
DA:44,7
DA:45,9
DA:46,9
DA:47,9
DA:48,9
DA:49,1
DA:50,1
DA:51,7
DA:52,7
DA:53,7
DA:54,7
DA:55,7
DA:56,7
DA:57,7
DA:58,6
DA:59,6
DA:60,6
DA:61,6
DA:62,7
DA:63,1
DA:64,1
DA:65,5
DA:66,5
DA:67,5
DA:68,5
DA:69,7
DA:70,1
DA:71,1
DA:72,5
DA:73,7
DA:74,1
DA:75,1
DA:76,5
DA:77,7
DA:78,1
DA:79,1
DA:80,5
DA:81,7
DA:82,1
DA:83,1
DA:84,5
DA:85,7
DA:86,7
LF:86
LH:86
BRDA:3,0,0,14
BRDA:5,1,0,9
BRDA:12,2,0,1
BRDA:13,3,0,8
BRDA:18,4,0,1
BRDA:20,5,0,7
BRDA:25,6,0,5
BRDA:27,7,0,7
BRDA:29,8,0,3
BRDA:32,9,0,7
BRDA:34,10,0,3
BRDA:37,11,0,7
BRDA:45,12,0,1
BRDA:50,13,0,7
BRDA:57,14,0,1
BRDA:58,15,0,6
BRDA:62,16,0,1
BRDA:64,17,0,5
BRDA:69,18,0,1
BRDA:71,19,0,5
BRDA:73,20,0,1
BRDA:75,21,0,5
BRDA:77,22,0,1
BRDA:79,23,0,5
BRDA:81,24,0,4
BRDA:81,25,0,1
BRDA:83,26,0,5
BRDA:85,27,0,1
BRF:28
BRH:28
end_of_record
TN:
SF:src\features\dashboard\components\Progress\utils\scoreActividad3.js
FN:3,getNivelDesdeSettings
FN:10,calcularPuntajeActividad3
FN:48,generarObservacionesActividad3
FNF:3
FNH:3
FNDA:14,getNivelDesdeSettings
FNDA:11,calcularPuntajeActividad3
FNDA:5,generarObservacionesActividad3
DA:1,1
DA:2,1
DA:3,1
DA:4,14
DA:5,14
DA:6,14
DA:7,5
DA:8,5
DA:9,1
DA:10,1
DA:11,11
DA:12,11
DA:13,11
DA:14,11
DA:15,11
DA:16,10
DA:17,10
DA:18,11
DA:19,11
DA:20,11
DA:21,11
DA:22,11
DA:23,11
DA:24,11
DA:25,11
DA:26,11
DA:27,11
DA:28,11
DA:29,11
DA:30,3
DA:31,3
DA:32,10
DA:33,11
DA:34,1
DA:35,1
DA:36,1
DA:37,10
DA:38,10
DA:39,10
DA:40,10
DA:41,10
DA:42,10
DA:43,10
DA:44,11
DA:45,11
DA:46,11
DA:47,1
DA:48,1
DA:49,5
DA:50,5
DA:51,5
DA:52,5
DA:53,5
DA:54,4
DA:55,4
DA:56,5
DA:57,5
DA:58,5
DA:59,5
DA:60,5
DA:61,5
DA:62,5
DA:63,5
DA:64,5
DA:65,5
DA:66,2
DA:67,2
DA:68,4
DA:69,5
DA:70,1
DA:71,1
DA:72,4
DA:73,4
DA:74,5
DA:75,5
DA:76,2
DA:77,5
DA:78,1
DA:79,1
DA:80,4
DA:81,5
DA:82,4
DA:83,4
DA:84,4
LF:84
LH:84
BRDA:3,0,0,14
BRDA:4,1,0,4
BRDA:5,2,0,10
BRDA:5,3,0,1
BRDA:6,4,0,9
BRDA:6,5,0,4
BRDA:7,6,0,5
BRDA:10,7,0,11
BRDA:15,8,0,1
BRDA:16,9,0,10
BRDA:18,10,0,4
BRDA:21,11,0,3
BRDA:29,12,0,3
BRDA:31,13,0,10
BRDA:33,14,0,1
BRDA:36,15,0,10
BRDA:44,16,0,5
BRDA:22,17,0,19
BRDA:25,18,0,19
BRDA:48,19,0,5
BRDA:53,20,0,1
BRDA:54,21,0,4
BRDA:56,22,0,0
BRDA:58,23,0,0
BRDA:65,24,0,2
BRDA:67,25,0,4
BRDA:69,26,0,1
BRDA:71,27,0,4
BRDA:74,28,0,2
BRDA:75,29,0,2
BRDA:77,30,0,1
BRDA:79,31,0,4
BRDA:81,32,0,1
BRDA:82,33,0,4
BRDA:59,34,0,16
BRDA:61,35,0,16
BRF:36
BRH:34
end_of_record
TN:
SF:src\features\dashboard\components\Results\ActivityChartPanel.jsx
FN:4,ActivityChartPanel
FN:16,onChange
FNF:2
FNH:2
FNDA:2,ActivityChartPanel
FNDA:1,onChange
DA:1,1
DA:2,1
DA:4,1
DA:5,2
DA:6,2
DA:7,2
DA:8,2
DA:9,2
DA:10,2
DA:11,2
DA:12,2
DA:13,2
DA:14,2
DA:15,2
DA:16,2
DA:17,2
DA:18,2
DA:19,2
DA:20,2
DA:21,2
DA:23,2
DA:25,1
LF:22
LH:22
BRDA:4,0,0,2
BRDA:16,1,0,1
BRF:2
BRH:2
end_of_record
TN:
SF:src\features\dashboard\components\Results\ActivityInfoPanel.jsx
FN:1,InfoItem
FN:10,ActivityInfoPanel
FNF:2
FNH:2
FNDA:2,InfoItem
FNDA:3,ActivityInfoPanel
DA:1,1
DA:2,2
DA:3,2
DA:4,2
DA:5,2
DA:6,2
DA:7,2
DA:10,1
DA:11,3
DA:12,3
DA:13,3
DA:14,3
DA:15,3
DA:16,3
DA:17,3
DA:18,2
DA:19,3
DA:20,3
DA:22,3
DA:24,1
LF:20
LH:20
BRDA:1,0,0,2
BRDA:10,1,0,3
BRDA:17,2,0,2
BRF:3
BRH:3
end_of_record
TN:
SF:src\features\dashboard\components\Results\ActivityLayout.jsx
FN:3,ActivityLayout
FNF:1
FNH:1
FNDA:1,ActivityLayout
DA:1,1
DA:3,1
DA:4,1
DA:5,1
DA:6,1
DA:7,1
DA:8,1
DA:10,1
DA:12,1
LF:9
LH:9
BRDA:3,0,0,1
BRF:1
BRH:1
end_of_record
TN:
SF:src\features\dashboard\components\Results\ActivityLeftContent.jsx
FN:4,formatSessionTime
FN:11,InfoItem
FN:20,ActivityLeftContent
FNF:3
FNH:3
FNDA:4,formatSessionTime
FNDA:17,InfoItem
FNDA:4,ActivityLeftContent
DA:1,1
DA:2,1
DA:4,1
DA:5,4
DA:6,3
DA:7,3
DA:8,4
DA:9,4
DA:11,1
DA:12,17
DA:13,17
DA:14,17
DA:15,17
DA:16,17
DA:17,17
DA:20,1
DA:21,4
DA:22,4
DA:23,4
DA:24,4
DA:25,4
DA:26,4
DA:27,4
DA:28,4
DA:30,4
DA:31,4
DA:32,4
DA:33,4
DA:34,4
DA:35,4
DA:36,4
DA:37,4
DA:38,4
DA:39,4
DA:40,4
DA:42,4
DA:44,4
DA:46,4
DA:47,4
DA:48,4
DA:49,4
DA:50,4
DA:51,4
DA:52,4
DA:54,4
DA:55,1
DA:56,1
DA:57,1
DA:58,1
DA:59,1
DA:61,4
DA:62,2
DA:63,2
DA:64,2
DA:65,2
DA:66,2
DA:68,4
DA:69,1
DA:70,1
DA:71,1
DA:72,1
DA:73,1
DA:75,4
DA:76,1
DA:77,1
DA:78,1
DA:79,1
DA:80,1
DA:82,4
DA:84,4
DA:86,1
LF:71
LH:71
BRDA:4,0,0,4
BRDA:5,1,0,3
BRDA:5,2,0,1
BRDA:5,3,0,3
BRDA:8,4,0,2
BRDA:8,5,0,1
BRDA:11,6,0,17
BRDA:20,7,0,4
BRDA:49,8,0,0
BRDA:54,9,0,1
BRDA:61,10,0,2
BRDA:68,11,0,1
BRDA:75,12,0,1
BRF:13
BRH:12
end_of_record
TN:
SF:src\features\dashboard\components\Results\ActivityOneResults.jsx
FN:12,formatSessionTime
FN:19,getTiempoTotalTargets
FN:24,ActivityOneResults
FNF:3
FNH:0
FNDA:0,formatSessionTime
FNDA:0,getTiempoTotalTargets
FNDA:0,ActivityOneResults
DA:1,1
DA:2,1
DA:3,1
DA:4,1
DA:5,1
DA:6,1
DA:7,1
DA:8,1
DA:9,1
DA:10,1
DA:12,1
DA:13,0
DA:14,0
DA:15,0
DA:16,0
DA:17,0
DA:19,1
DA:20,0
DA:21,0
DA:22,0
DA:24,1
DA:25,0
DA:27,0
DA:28,0
DA:29,0
DA:31,0
DA:32,0
DA:33,0
DA:34,0
DA:35,0
DA:36,0
DA:37,0
DA:38,0
DA:39,0
DA:40,0
DA:41,0
DA:42,0
DA:43,0
DA:44,0
DA:45,0
DA:46,0
DA:47,0
DA:48,0
DA:49,0
DA:50,0
DA:51,0
DA:52,0
DA:53,0
DA:54,0
DA:55,0
DA:57,0
DA:58,0
DA:59,0
DA:60,0
DA:61,0
DA:62,0
DA:64,0
DA:65,0
DA:66,0
DA:67,0
DA:68,0
DA:69,0
DA:70,0
DA:71,0
DA:73,0
DA:74,0
DA:75,0
DA:76,0
DA:77,0
DA:78,0
DA:79,0
DA:80,0
DA:81,0
DA:83,0
DA:84,0
DA:85,0
DA:86,0
DA:87,0
DA:88,0
DA:90,0
DA:91,0
DA:93,0
DA:94,0
DA:96,0
DA:97,0
DA:98,0
DA:99,0
DA:100,0
DA:101,0
DA:102,0
DA:103,0
DA:105,0
DA:106,0
DA:108,0
DA:110,0
DA:112,1
LF:96
LH:14
BRF:0
BRH:0
end_of_record
TN:
SF:src\features\dashboard\components\Results\ActivityThreeResults.jsx
FN:10,formatSessionTime
FN:17,ActivityThreeResults
FNF:2
FNH:0
FNDA:0,formatSessionTime
FNDA:0,ActivityThreeResults
DA:1,1
DA:2,1
DA:3,1
DA:4,1
DA:5,1
DA:6,1
DA:7,1
DA:8,1
DA:10,1
DA:11,0
DA:12,0
DA:13,0
DA:14,0
DA:15,0
DA:17,1
DA:18,0
DA:19,0
DA:21,0
DA:22,0
DA:23,0
DA:25,0
DA:26,0
DA:27,0
DA:28,0
DA:29,0
DA:30,0
DA:31,0
DA:32,0
DA:33,0
DA:34,0
DA:35,0
DA:36,0
DA:37,0
DA:38,0
DA:39,0
DA:40,0
DA:41,0
DA:42,0
DA:43,0
DA:44,0
DA:46,0
DA:47,0
DA:48,0
DA:49,0
DA:51,0
DA:52,0
DA:53,0
DA:54,0
DA:55,0
DA:56,0
DA:57,0
DA:58,0
DA:60,0
DA:61,0
DA:63,0
DA:65,0
DA:67,0
DA:69,0
DA:71,1
LF:59
LH:11
BRF:0
BRH:0
end_of_record
TN:
SF:src\features\dashboard\components\Results\ActivityTwoResults.jsx
FN:9,formatSessionTime
FN:16,ActivityTwoResults
FNF:2
FNH:0
FNDA:0,formatSessionTime
FNDA:0,ActivityTwoResults
DA:1,1
DA:2,1
DA:3,1
DA:4,1
DA:5,1
DA:6,1
DA:7,1
DA:9,1
DA:10,0
DA:11,0
DA:12,0
DA:13,0
DA:14,0
DA:16,1
DA:17,0
DA:19,0
DA:20,0
DA:21,0
DA:23,0
DA:24,0
DA:25,0
DA:27,0
DA:28,0
DA:29,0
DA:30,0
DA:31,0
DA:32,0
DA:33,0
DA:34,0
DA:35,0
DA:36,0
DA:37,0
DA:38,0
DA:39,0
DA:40,0
DA:41,0
DA:42,0
DA:43,0
DA:44,0
DA:45,0
DA:46,0
DA:48,0
DA:50,0
DA:51,0
DA:52,0
DA:53,0
DA:54,0
DA:55,0
DA:56,0
DA:57,0
DA:59,0
DA:60,0
DA:62,0
DA:64,0
DA:66,1
LF:55
LH:10
BRF:0
BRH:0
end_of_record
TN:
SF:src\features\dashboard\constants\activityInfo.js
FNF:0
FNH:0
DA:1,1
DA:2,1
DA:3,1
DA:4,1
DA:5,1
DA:6,1
DA:7,1
DA:8,1
DA:9,1
DA:10,1
DA:11,1
DA:12,1
DA:13,1
DA:14,1
DA:15,1
DA:16,1
DA:17,1
DA:18,1
DA:19,1
DA:20,1
LF:20
LH:20
BRF:0
BRH:0
end_of_record
TN:
SF:src\features\dashboard\hooks\useActivitySessions.js
FN:1,useActivitySessions
FNF:1
FNH:1
FNDA:5,useActivitySessions
DA:1,1
DA:2,5
DA:3,5
DA:4,7
DA:5,8
DA:6,8
DA:7,7
DA:8,5
DA:9,5
DA:10,6
DA:11,6
DA:12,6
DA:13,6
DA:14,6
DA:15,5
DA:16,5
DA:17,1
DA:18,1
LF:18
LH:18
BRDA:1,0,0,5
BRDA:3,1,0,7
BRDA:4,2,0,8
BRDA:9,3,0,6
BRDA:12,4,0,1
BRDA:12,5,0,5
BRDA:13,6,0,1
BRDA:13,7,0,5
BRF:8
BRH:8
end_of_record
TN:
SF:src\features\dashboard\hooks\usePatientActivityData.js
FN:5,usePatientActivityData
FN:13,fetchPatientData
FNF:2
FNH:2
FNDA:7,usePatientActivityData
FNDA:3,fetchPatientData
DA:1,1
DA:2,1
DA:3,1
DA:4,1
DA:5,1
DA:6,7
DA:7,7
DA:8,7
DA:9,7
DA:10,7
DA:11,4
DA:12,3
DA:13,3
DA:14,3
DA:15,3
DA:16,3
DA:17,3
DA:18,3
DA:19,3
DA:20,1
DA:21,1
DA:22,1
DA:23,1
DA:24,2
DA:25,2
DA:26,3
DA:27,1
DA:28,1
DA:29,1
DA:30,1
DA:31,1
DA:32,1
DA:33,2
DA:34,2
DA:35,1
DA:36,1
DA:37,1
DA:38,1
DA:39,1
DA:40,1
DA:41,1
DA:42,1
DA:43,1
DA:44,1
DA:45,1
DA:46,1
DA:47,1
DA:48,3
DA:49,1
DA:50,1
DA:51,1
DA:52,3
DA:53,3
DA:54,3
DA:55,3
DA:56,3
DA:57,3
DA:58,7
DA:59,7
DA:60,7
DA:61,7
DA:62,1
DA:63,1
LF:63
LH:63
BRDA:5,0,0,7
BRDA:10,1,0,4
BRDA:11,2,0,1
BRDA:12,3,0,3
BRDA:13,4,0,3
BRDA:19,5,0,2
BRDA:19,6,0,1
BRDA:23,7,0,2
BRDA:26,8,0,1
BRDA:48,9,0,1
BRDA:30,10,0,1
BRDA:32,11,0,2
BRDA:36,12,0,1
BRF:13
BRH:13
end_of_record
TN:
SF:src\features\dashboard\hooks\usePatientDropdown.js
FN:5,usePatientDropdown
FN:10,fetchPatients
FNF:2
FNH:2
FNDA:6,usePatientDropdown
FNDA:4,fetchPatients
DA:1,1
DA:2,1
DA:3,1
DA:4,1
DA:5,1
DA:6,6
DA:7,6
DA:8,6
DA:9,6
DA:10,4
DA:11,4
DA:12,4
DA:13,4
DA:14,4
DA:15,2
DA:16,2
DA:17,3
DA:18,3
DA:19,3
DA:20,3
DA:21,3
DA:22,2
DA:23,2
DA:24,2
DA:25,4
DA:26,1
DA:27,4
DA:28,4
DA:29,4
DA:30,4
DA:31,4
DA:32,4
DA:33,6
DA:34,6
DA:35,6
DA:36,6
DA:37,1
DA:38,1
LF:38
LH:38
BRDA:5,0,0,6
BRDA:9,1,0,4
BRDA:10,2,0,4
BRDA:14,3,0,3
BRDA:14,4,0,2
BRDA:25,5,0,1
BRDA:16,6,0,3
BRDA:17,7,0,1
BRF:8
BRH:8
end_of_record
TN:
SF:src\features\dashboard\hooks\usePatientForm.js
FN:4,parseDate
FN:11,usePatientForm
FNF:2
FNH:2
FNDA:37,parseDate
FNDA:37,usePatientForm
DA:1,1
DA:2,1
DA:3,1
DA:4,1
DA:5,37
DA:6,18
DA:7,4
DA:8,4
DA:9,4
DA:10,1
DA:11,1
DA:12,37
DA:13,37
DA:14,37
DA:15,37
DA:16,37
DA:17,37
DA:18,37
DA:19,37
DA:20,37
DA:21,37
DA:22,37
DA:23,37
DA:24,37
DA:25,37
DA:26,37
DA:27,37
DA:28,37
DA:29,37
DA:30,37
DA:31,37
DA:32,37
DA:33,37
DA:34,21
DA:35,21
DA:36,21
DA:37,21
DA:38,21
DA:39,21
DA:40,21
DA:41,21
DA:42,21
DA:43,21
DA:44,21
DA:45,21
DA:46,8
DA:47,21
DA:48,21
DA:49,37
DA:50,37
DA:51,37
DA:52,37
DA:53,37
DA:54,37
DA:55,37
DA:56,37
DA:57,37
DA:58,37
DA:59,37
DA:60,37
DA:61,37
DA:62,37
DA:63,37
DA:64,37
DA:65,37
DA:66,37
DA:67,37
DA:68,37
DA:69,37
DA:70,37
DA:71,37
DA:72,37
DA:73,37
DA:74,37
DA:75,37
DA:76,37
DA:77,37
DA:78,37
DA:79,37
DA:80,37
DA:81,37
DA:82,1
DA:83,1
LF:83
LH:83
BRDA:4,0,0,37
BRDA:5,1,0,23
BRDA:6,2,0,18
BRDA:6,3,0,14
BRDA:6,4,0,10
BRDA:7,5,0,4
BRDA:11,6,0,37
BRDA:12,7,0,23
BRDA:13,8,0,23
BRDA:17,9,0,23
BRDA:18,10,0,23
BRDA:20,11,0,23
BRDA:23,12,0,23
BRDA:26,13,0,23
BRDA:29,14,0,27
BRDA:33,15,0,21
BRDA:34,16,0,12
BRDA:35,17,0,13
BRDA:39,18,0,16
BRDA:40,19,0,15
BRDA:41,20,0,9
BRDA:42,21,0,9
BRDA:43,22,0,9
BRDA:44,23,0,9
BRDA:45,24,0,8
BRF:25
BRH:25
end_of_record
TN:
SF:src\features\dashboard\hooks\usePatients.js
FN:10,usePatients
FN:17,fetchPatients
FN:36,confirmDelete
FNF:3
FNH:3
FNDA:10,usePatients
FNDA:5,fetchPatients
FNDA:2,confirmDelete
DA:1,1
DA:2,1
DA:5,1
DA:6,1
DA:7,1
DA:8,1
DA:9,1
DA:10,1
DA:11,10
DA:12,10
DA:13,10
DA:14,10
DA:15,10
DA:16,10
DA:17,10
DA:18,5
DA:19,5
DA:20,5
DA:21,4
DA:22,4
DA:23,2
DA:24,2
DA:25,2
DA:26,4
DA:27,4
DA:28,4
DA:29,5
DA:30,1
DA:31,5
DA:32,5
DA:33,5
DA:34,10
DA:35,10
DA:36,10
DA:37,2
DA:38,2
DA:39,2
DA:40,1
DA:41,1
DA:42,1
DA:43,1
DA:44,1
DA:45,1
DA:46,1
DA:47,1
DA:48,1
DA:49,10
DA:50,10
DA:51,10
DA:52,4
DA:53,10
DA:54,10
DA:55,10
DA:56,10
DA:57,10
DA:58,10
DA:59,10
DA:60,10
DA:61,10
DA:62,10
DA:63,10
DA:64,10
DA:65,1
DA:66,1
LF:64
LH:64
BRDA:10,0,0,10
BRDA:17,1,0,5
BRDA:21,2,0,4
BRDA:29,3,0,1
BRDA:22,4,0,2
BRDA:27,5,0,1
BRDA:36,6,0,2
BRDA:40,7,0,1
BRDA:51,8,0,4
BRF:9
BRH:9
end_of_record
TN:
SF:src\features\dashboard\hooks\useSavePatient.js
FN:5,useSavePatient
FN:10,savePatient
FNF:2
FNH:2
FNDA:3,useSavePatient
FNDA:3,savePatient
DA:1,1
DA:2,1
DA:3,1
DA:4,1
DA:5,1
DA:6,3
DA:7,3
DA:8,3
DA:9,3
DA:10,3
DA:11,3
DA:12,3
DA:13,3
DA:14,3
DA:15,3
DA:16,3
DA:17,3
DA:18,3
DA:19,3
DA:20,3
DA:21,3
DA:22,3
DA:23,3
DA:24,3
DA:25,1
DA:26,3
DA:27,2
DA:28,2
DA:29,2
DA:30,3
DA:31,3
DA:32,3
DA:33,3
DA:34,1
DA:35,1
LF:35
LH:35
BRDA:5,0,0,3
BRDA:10,1,0,3
BRDA:21,2,0,1
BRDA:25,3,0,1
BRDA:26,4,0,2
BRF:5
BRH:5
end_of_record
TN:
SF:src\features\dashboard\hooks\useSidebarLinks.js
FN:1,useSidebarLinks
FNF:1
FNH:1
FNDA:7,useSidebarLinks
DA:1,1
DA:2,7
DA:3,7
DA:4,7
DA:5,7
DA:6,7
DA:7,7
DA:8,7
DA:9,7
DA:10,7
DA:11,7
DA:12,7
DA:13,7
DA:14,7
DA:15,7
DA:16,7
DA:17,7
DA:18,7
DA:19,7
DA:20,7
DA:21,7
DA:22,7
DA:23,7
DA:24,7
DA:25,7
DA:26,7
DA:27,7
DA:28,7
DA:29,7
DA:30,7
DA:31,7
DA:32,7
DA:33,7
DA:34,7
DA:35,7
DA:36,7
DA:37,7
LF:37
LH:37
BRDA:1,0,0,7
BRDA:2,1,0,2
BRDA:35,2,0,2
BRDA:35,3,0,5
BRF:4
BRH:4
end_of_record
TN:
SF:src\features\dashboard\hooks\useUserForm.js
FN:4,useUserForm
FNF:1
FNH:1
FNDA:34,useUserForm
DA:1,1
DA:2,1
DA:3,1
DA:4,1
DA:5,34
DA:6,34
DA:7,34
DA:8,34
DA:9,34
DA:10,34
DA:11,34
DA:12,34
DA:13,22
DA:14,9
DA:15,22
DA:16,13
DA:17,13
DA:18,13
DA:19,13
DA:20,13
DA:21,4
DA:22,13
DA:23,13
DA:24,13
DA:25,34
DA:26,34
DA:27,34
DA:28,34
DA:29,34
DA:30,34
DA:31,34
DA:32,34
DA:33,34
DA:34,34
DA:35,34
DA:36,34
DA:37,34
DA:38,34
DA:39,1
DA:40,1
LF:40
LH:40
BRDA:4,0,0,34
BRDA:5,1,0,32
BRDA:6,2,0,32
BRDA:7,3,0,32
BRDA:12,4,0,22
BRDA:13,5,0,9
BRDA:14,6,0,4
BRDA:15,7,0,13
BRDA:18,8,0,7
BRDA:19,9,0,6
BRDA:20,10,0,4
BRF:11
BRH:11
end_of_record
TN:
SF:src\features\dashboard\hooks\useUsers.js
FN:12,useUsers
FN:20,fetchUsers
FN:33,confirmDelete
FN:49,saveUser
FNF:4
FNH:4
FNDA:13,useUsers
FNDA:8,fetchUsers
FNDA:2,confirmDelete
FNDA:2,saveUser
DA:1,1
DA:2,1
DA:6,1
DA:7,1
DA:8,1
DA:9,1
DA:10,1
DA:11,1
DA:12,1
DA:13,13
DA:14,13
DA:15,13
DA:16,13
DA:17,13
DA:18,13
DA:19,13
DA:20,13
DA:21,8
DA:22,8
DA:23,8
DA:24,7
DA:25,8
DA:26,1
DA:27,1
DA:28,8
DA:29,8
DA:30,8
DA:31,13
DA:32,13
DA:33,13
DA:34,2
DA:35,2
DA:36,2
DA:37,1
DA:38,1
DA:39,1
DA:40,1
DA:41,1
DA:42,1
DA:43,1
DA:44,2
DA:45,2
DA:46,2
DA:47,13
DA:48,13
DA:49,13
DA:50,2
DA:51,2
DA:52,2
DA:53,2
DA:54,2
DA:55,2
DA:56,2
DA:57,1
DA:58,1
DA:59,1
DA:60,1
DA:61,1
DA:62,1
DA:63,1
DA:64,1
DA:65,1
DA:66,2
DA:67,2
DA:68,2
DA:69,13
DA:70,13
DA:71,13
DA:72,6
DA:73,5
DA:74,5
DA:75,13
DA:76,13
DA:77,13
DA:78,13
DA:79,13
DA:80,13
DA:81,13
DA:82,13
DA:83,13
DA:84,13
DA:85,13
DA:86,13
DA:87,13
DA:88,1
DA:89,1
LF:86
LH:86
BRDA:12,0,0,13
BRDA:20,1,0,8
BRDA:24,2,0,7
BRDA:25,3,0,1
BRDA:33,4,0,2
BRDA:37,5,0,1
BRDA:49,6,0,2
BRDA:57,7,0,1
BRDA:71,8,0,6
BRDA:72,9,0,5
BRF:10
BRH:10
end_of_record
TN:
SF:src\features\dashboard\pages\admin\AdminHome.jsx
FN:4,AdminHome
FNF:1
FNH:1
FNDA:1,AdminHome
DA:1,1
DA:2,1
DA:4,1
DA:5,1
DA:6,1
DA:7,1
DA:8,1
DA:9,1
DA:10,1
DA:11,1
DA:13,1
DA:15,1
LF:12
LH:12
BRDA:4,0,0,1
BRF:1
BRH:1
end_of_record
TN:
SF:src\features\dashboard\pages\admin\ManageUsers.jsx
FN:4,ManageUsers
FNF:1
FNH:1
FNDA:1,ManageUsers
DA:1,1
DA:2,1
DA:4,1
DA:5,1
DA:6,1
DA:7,1
DA:8,1
DA:9,1
DA:10,1
DA:11,1
DA:12,1
DA:14,1
DA:16,1
LF:13
LH:13
BRDA:4,0,0,1
BRF:1
BRH:1
end_of_record
TN:
SF:src\features\dashboard\pages\user\ActivityTracking.jsx
FN:14,ActivityTracking
FN:33,onChange
FNF:2
FNH:2
FNDA:4,ActivityTracking
FNDA:1,onChange
DA:1,1
DA:2,1
DA:9,1
DA:10,1
DA:11,1
DA:12,1
DA:14,1
DA:15,4
DA:16,4
DA:17,4
DA:19,4
DA:20,4
DA:22,4
DA:23,4
DA:24,4
DA:25,4
DA:26,4
DA:27,4
DA:29,4
DA:30,4
DA:31,4
DA:32,4
DA:33,4
DA:34,1
DA:35,1
DA:36,1
DA:37,4
DA:38,4
DA:39,4
DA:40,4
DA:42,4
DA:43,2
DA:44,2
DA:45,2
DA:46,2
DA:47,2
DA:48,2
DA:49,2
DA:50,2
DA:51,2
DA:52,2
DA:53,2
DA:54,2
DA:55,2
DA:56,2
DA:57,2
DA:58,2
DA:59,2
DA:61,4
DA:63,4
DA:65,1
LF:51
LH:51
BRDA:14,0,0,4
BRDA:42,1,0,2
BRDA:33,2,0,1
BRF:3
BRH:3
end_of_record
TN:
SF:src\features\dashboard\pages\user\PatientsManagement.jsx
FN:4,PatientsManagement
FNF:1
FNH:1
FNDA:1,PatientsManagement
DA:1,1
DA:2,1
DA:4,1
DA:5,1
DA:6,1
DA:7,1
DA:8,1
DA:9,1
DA:10,1
DA:11,1
DA:12,1
DA:14,1
DA:16,1
LF:13
LH:13
BRDA:4,0,0,1
BRF:1
BRH:1
end_of_record
TN:
SF:src\features\dashboard\pages\user\UserHome.jsx
FN:4,UserHome
FNF:1
FNH:1
FNDA:1,UserHome
DA:1,1
DA:2,1
DA:4,1
DA:5,1
DA:6,1
DA:7,1
DA:8,1
DA:9,1
DA:10,1
DA:11,1
DA:13,1
DA:15,1
LF:12
LH:12
BRDA:4,0,0,1
BRF:1
BRH:1
end_of_record
TN:
SF:src\features\dashboard\services\emailService.js
FN:7,sendOTPEmail
FNF:1
FNH:1
FNDA:3,sendOTPEmail
DA:1,1
DA:2,1
DA:3,1
DA:4,1
DA:5,1
DA:6,1
DA:7,1
DA:8,3
DA:9,3
DA:10,3
DA:11,3
DA:12,3
DA:13,3
DA:14,3
DA:15,3
DA:16,1
DA:17,1
DA:18,1
DA:19,3
LF:19
LH:19
BRDA:7,0,0,3
BRDA:15,1,0,2
BRDA:15,2,0,1
BRF:3
BRH:3
end_of_record
TN:
SF:src\features\dashboard\services\patientService.js
FN:11,savePatientToDB
FN:30,fetchAllPatients
FN:35,updatePatientById
FN:42,deletePatientById
FNF:4
FNH:4
FNDA:2,savePatientToDB
FNDA:2,fetchAllPatients
FNDA:1,updatePatientById
FNDA:1,deletePatientById
DA:1,1
DA:9,1
DA:10,1
DA:11,1
DA:12,2
DA:13,2
DA:14,2
DA:15,2
DA:16,2
DA:17,1
DA:18,1
DA:19,1
DA:20,1
DA:21,1
DA:22,2
DA:23,2
DA:24,2
DA:25,2
DA:26,2
DA:27,2
DA:28,2
DA:29,1
DA:30,1
DA:31,2
DA:32,2
DA:33,2
DA:34,1
DA:35,1
DA:36,1
DA:37,1
DA:38,1
DA:39,1
DA:40,1
DA:41,1
DA:42,1
DA:43,1
DA:44,1
DA:45,1
LF:38
LH:38
BRDA:11,0,0,2
BRDA:16,1,0,1
BRDA:18,2,0,2
BRDA:30,3,0,2
BRDA:32,4,0,1
BRDA:32,5,0,1
BRDA:35,6,0,1
BRDA:42,7,0,1
BRF:8
BRH:8
end_of_record
TN:
SF:src\features\dashboard\services\userService.js
FN:12,saveUserToFirestore
FN:21,fetchUsersFromFirestore
FN:33,updateUserById
FN:38,deleteUserByUid
FNF:4
FNH:4
FNDA:1,saveUserToFirestore
FNDA:1,fetchUsersFromFirestore
FNDA:1,updateUserById
FNDA:1,deleteUserByUid
DA:1,1
DA:9,1
DA:10,1
DA:11,1
DA:12,1
DA:13,1
DA:14,1
DA:15,1
DA:16,1
DA:17,1
DA:18,1
DA:19,1
DA:20,1
DA:21,1
DA:22,1
DA:23,1
DA:24,1
DA:25,1
DA:26,1
DA:27,2
DA:28,2
DA:29,2
DA:30,1
DA:31,1
DA:32,1
DA:33,1
DA:34,1
DA:35,1
DA:36,1
DA:37,1
DA:38,1
DA:39,1
DA:40,1
LF:33
LH:33
BRDA:12,0,0,1
BRDA:21,1,0,1
BRDA:26,2,0,2
BRDA:33,3,0,1
BRDA:38,4,0,1
BRF:5
BRH:5
end_of_record
TN:
SF:src\features\home\Home.jsx
FN:6,Home
FN:31,onClick
FNF:2
FNH:2
FNDA:2,Home
FNDA:1,onClick
DA:1,1
DA:2,1
DA:3,1
DA:4,1
DA:6,2
DA:7,2
DA:9,2
DA:10,2
DA:11,2
DA:13,2
DA:14,2
DA:15,2
DA:16,2
DA:17,2
DA:19,2
DA:20,2
DA:22,2
DA:25,2
DA:27,2
DA:28,2
DA:29,2
DA:30,2
DA:31,2
DA:32,2
DA:33,2
DA:35,2
DA:37,2
DA:38,2
DA:40,2
DA:41,2
DA:42,2
DA:43,2
DA:44,2
DA:45,2
DA:46,2
DA:48,2
LF:36
LH:36
BRDA:6,0,0,2
BRDA:31,1,0,1
BRF:2
BRH:2
end_of_record
TN:
SF:src\features\home\components\Header.jsx
FN:4,Header
FN:18,onClick
FNF:2
FNH:2
FNDA:2,Header
FNDA:1,onClick
DA:1,1
DA:2,1
DA:4,2
DA:5,2
DA:7,2
DA:8,2
DA:9,2
DA:10,2
DA:11,2
DA:13,2
DA:15,2
DA:16,2
DA:17,2
DA:18,2
DA:19,2
DA:20,2
DA:21,2
DA:22,2
DA:24,2
LF:19
LH:19
BRDA:4,0,0,2
BRDA:18,1,0,1
BRF:2
BRH:2
end_of_record
TN:
SF:src\features\home\components\ThreeScene.jsx
FN:7,BrainModel
FN:24,Controls
FN:39,ThreeScene
FNF:3
FNH:3
FNDA:2,BrainModel
FNDA:2,Controls
FNDA:2,ThreeScene
DA:1,1
DA:2,1
DA:3,1
DA:4,1
DA:5,1
DA:7,2
DA:8,2
DA:9,2
DA:11,2
DA:12,0
DA:13,0
DA:14,0
DA:15,2
DA:17,2
DA:18,2
DA:19,2
DA:20,2
DA:22,2
DA:24,2
DA:25,2
DA:26,2
DA:28,2
DA:29,2
DA:30,2
DA:31,2
DA:32,2
DA:33,2
DA:35,2
DA:36,2
DA:37,2
DA:39,2
DA:40,2
DA:41,2
DA:43,2
DA:44,2
DA:45,2
DA:46,2
DA:47,2
DA:48,2
DA:49,2
DA:51,2
LF:41
LH:38
BRDA:7,0,0,2
BRDA:24,1,0,2
BRDA:28,2,0,2
BRDA:32,3,0,2
BRDA:39,4,0,2
BRDA:41,5,0,1
BRDA:41,6,0,1
BRF:7
BRH:7
end_of_record
TN:
SF:src\hooks\useDatePicker.js
FN:3,useDatePicker
FN:7,handleCalendarToggle
FN:11,handleDateChange
FNF:3
FNH:3
FNDA:25,useDatePicker
FNDA:4,handleCalendarToggle
FNDA:2,handleDateChange
DA:1,1
DA:2,1
DA:3,1
DA:4,25
DA:5,25
DA:6,25
DA:7,25
DA:8,4
DA:9,25
DA:10,25
DA:11,25
DA:12,2
DA:13,25
DA:14,25
DA:15,25
DA:16,25
DA:17,25
DA:18,25
DA:19,25
DA:20,25
DA:21,25
DA:22,25
DA:23,25
DA:24,1
DA:25,1
LF:25
LH:25
BRDA:3,0,0,25
BRDA:7,1,0,4
BRDA:8,2,0,4
BRDA:11,3,0,2
BRF:4
BRH:4
end_of_record
TN:
SF:src\hooks\useEscapeToClose.js
FN:3,useEscapeToClose
FN:5,handleKeyDown
FNF:2
FNH:2
FNDA:112,useEscapeToClose
FNDA:2,handleKeyDown
DA:1,1
DA:2,1
DA:3,112
DA:4,112
DA:5,104
DA:6,2
DA:7,1
DA:8,1
DA:9,104
DA:10,104
DA:11,104
DA:12,45
DA:13,45
DA:14,104
DA:15,104
DA:16,104
DA:17,104
DA:18,112
DA:19,112
DA:20,1
DA:21,1
LF:21
LH:21
BRDA:3,0,0,112
BRDA:4,1,0,104
BRDA:11,2,0,45
BRDA:5,3,0,2
BRDA:6,4,0,1
BRDA:15,5,0,104
BRF:6
BRH:6
end_of_record
TN:
SF:src\hooks\useInputValidation.js
FN:1,useInputValidation
FN:2,handleChange
FNF:2
FNH:2
FNDA:162,useInputValidation
FNDA:28,handleChange
DA:1,162
DA:2,162
DA:3,28
DA:4,28
DA:5,28
DA:6,26
DA:7,28
DA:8,23
DA:9,23
DA:10,162
DA:11,162
DA:12,162
DA:13,162
DA:14,1
DA:15,1
LF:15
LH:15
BRDA:1,0,0,162
BRDA:2,1,0,28
BRDA:5,2,0,8
BRDA:5,3,0,2
BRDA:6,4,0,26
BRDA:7,5,0,13
BRDA:7,6,0,3
BRDA:8,7,0,23
BRF:8
BRH:8
end_of_record
TN:
SF:src\hooks\useNumberInput.js
FN:3,useNumberInput
FN:12,increment
FN:20,decrement
FN:28,handleChange
FNF:4
FNH:4
FNDA:22,useNumberInput
FNDA:3,increment
FNDA:3,decrement
FNDA:5,handleChange
DA:1,1
DA:2,1
DA:3,1
DA:4,22
DA:5,22
DA:6,22
DA:7,22
DA:8,22
DA:9,22
DA:10,22
DA:11,22
DA:12,22
DA:13,3
DA:14,2
DA:15,2
DA:16,2
DA:17,2
DA:18,22
DA:19,22
DA:20,22
DA:21,3
DA:22,2
DA:23,2
DA:24,2
DA:25,2
DA:26,22
DA:27,22
DA:28,22
DA:29,5
DA:30,5
DA:31,3
DA:32,3
DA:33,3
DA:34,3
DA:35,22
DA:36,22
DA:37,22
DA:38,22
DA:39,22
DA:40,22
DA:41,22
DA:42,22
DA:43,22
LF:43
LH:43
BRDA:3,0,0,22
BRDA:12,1,0,3
BRDA:13,2,0,2
BRDA:20,3,0,3
BRDA:21,4,0,2
BRDA:28,5,0,5
BRDA:30,6,0,3
BRF:7
BRH:7
end_of_record
TN:
SF:src\hooks\useToast.js
FN:4,useToast
FN:5,notify
FNF:2
FNH:2
FNDA:5,useToast
FNDA:5,notify
DA:1,1
DA:2,1
DA:3,1
DA:4,1
DA:5,5
DA:6,5
DA:7,5
DA:8,1
DA:9,1
DA:10,5
DA:11,1
DA:12,1
DA:13,5
DA:14,1
DA:15,1
DA:16,5
DA:17,1
DA:18,1
DA:19,5
DA:20,1
DA:21,5
DA:22,5
DA:23,5
DA:24,5
DA:25,5
DA:26,1
DA:27,1
LF:27
LH:27
BRDA:4,0,0,5
BRDA:5,1,0,5
BRDA:7,2,0,1
BRDA:10,3,0,1
BRDA:13,4,0,1
BRDA:16,5,0,1
BRDA:19,6,0,1
BRF:7
BRH:7
end_of_record
TN:
SF:src\routes\AppRoutes.jsx
FN:6,AppRoutes
FNF:1
FNH:1
FNDA:4,AppRoutes
DA:1,1
DA:2,1
DA:3,1
DA:4,1
DA:6,4
DA:7,4
DA:8,4
DA:9,4
DA:10,4
DA:11,4
DA:12,4
DA:13,4
DA:15,4
LF:13
LH:13
BRDA:6,0,0,4
BRF:1
BRH:1
end_of_record
TN:
SF:src\routes\AuthRoutes.jsx
FN:4,AuthRoutes
FNF:1
FNH:1
FNDA:3,AuthRoutes
DA:1,1
DA:2,1
DA:4,3
DA:5,3
DA:6,3
DA:8,3
DA:9,2
DA:10,2
LF:8
LH:8
BRDA:4,0,0,3
BRDA:5,1,0,1
BRDA:8,2,0,1
BRDA:8,3,0,2
BRF:4
BRH:4
end_of_record
TN:
SF:src\routes\DashboardRoutes.jsx
FN:10,DashboardRoutes
FNF:1
FNH:1
FNDA:4,DashboardRoutes
DA:1,1
DA:2,1
DA:3,1
DA:4,1
DA:5,1
DA:6,1
DA:7,1
DA:8,1
DA:10,4
DA:11,4
DA:12,4
DA:14,4
DA:15,4
DA:16,4
DA:17,4
DA:18,4
DA:19,1
DA:20,1
DA:21,1
DA:22,1
DA:23,3
DA:24,1
DA:25,1
DA:26,1
DA:27,1
DA:28,1
DA:29,1
DA:30,1
DA:31,1
DA:32,1
DA:33,1
DA:34,1
DA:36,2
DA:38,4
DA:39,4
DA:40,4
DA:42,4
LF:37
LH:37
BRDA:10,0,0,4
BRDA:11,1,0,1
BRDA:18,2,0,1
BRDA:22,3,0,3
BRDA:23,4,0,1
BRDA:34,5,0,2
BRF:6
BRH:6
end_of_record
TN:
SF:src\routes\ProtectedRoutes.jsx
FN:3,ProtectedRoutes
FNF:1
FNH:1
FNDA:2,ProtectedRoutes
DA:1,1
DA:3,2
DA:4,2
DA:5,2
DA:6,2
LF:5
LH:5
BRDA:3,0,0,2
BRDA:5,1,0,1
BRDA:5,2,0,1
BRF:3
BRH:3
end_of_record
TN:
SF:src\services\firebase.js
FNF:0
FNH:0
DA:1,1
DA:2,1
DA:3,1
DA:4,1
DA:12,1
DA:13,1
DA:14,1
DA:15,1
DA:16,1
DA:17,1
DA:18,1
DA:19,1
DA:20,1
DA:21,1
DA:22,1
DA:23,1
DA:24,1
DA:25,1
DA:26,1
DA:27,1
DA:28,1
DA:29,1
LF:22
LH:22
BRF:0
BRH:0
end_of_record
TN:
SF:src\utils\calculateAge.js
FN:1,calculateAge
FNF:1
FNH:1
FNDA:5,calculateAge
DA:1,1
DA:2,5
DA:3,5
DA:4,5
DA:5,5
DA:6,5
DA:7,2
DA:8,2
DA:9,2
DA:10,2
DA:11,2
DA:12,5
DA:13,2
DA:14,2
DA:15,2
DA:16,2
DA:17,2
DA:18,2
DA:19,5
LF:19
LH:19
BRDA:1,0,0,5
BRDA:6,1,0,1
BRDA:7,2,0,2
BRDA:12,3,0,1
BRDA:12,4,0,2
BRF:5
BRH:5
end_of_record
TN:
SF:src\utils\filters.js
FN:1,filterData
FN:8,sortData
FNF:2
FNH:2
FNDA:12,filterData
FNDA:14,sortData
DA:1,1
DA:2,12
DA:3,12
DA:4,60
DA:5,12
DA:6,12
DA:7,1
DA:8,1
DA:9,14
DA:10,5
DA:11,24
DA:12,24
DA:13,24
DA:14,24
DA:15,24
DA:16,18
DA:17,18
DA:18,24
DA:19,6
DA:20,24
DA:21,5
DA:22,5
LF:22
LH:22
BRDA:1,0,0,12
BRDA:3,1,0,60
BRDA:4,2,0,81
BRDA:8,3,0,14
BRDA:9,4,0,9
BRDA:10,5,0,5
BRDA:10,6,0,24
BRDA:13,7,0,17
BRDA:15,8,0,18
BRDA:16,9,0,14
BRDA:17,10,0,4
BRDA:18,11,0,6
BRDA:19,12,0,3
BRDA:20,13,0,3
BRF:14
BRH:14
end_of_record
TN:
SF:src\utils\formatters.js
FN:1,useCapitalize
FN:8,useFormatDate
FN:16,formatDateTime
FNF:3
FNH:3
FNDA:1,useCapitalize
FNDA:1,useFormatDate
FNDA:2,formatDateTime
DA:1,1
DA:2,3
DA:3,3
DA:4,3
DA:5,3
DA:6,1
DA:7,1
DA:8,1
DA:9,5
DA:10,1
DA:11,1
DA:12,1
DA:13,1
DA:14,1
DA:15,1
DA:16,1
DA:17,2
DA:18,2
DA:19,2
DA:20,2
DA:21,2
DA:22,2
DA:23,2
DA:24,2
DA:25,2
DA:26,2
DA:27,2
DA:28,2
LF:28
LH:28
BRDA:1,0,0,1
BRDA:1,1,0,3
BRDA:5,2,0,5
BRDA:8,3,0,1
BRDA:8,4,0,5
BRDA:9,5,0,4
BRDA:10,6,0,1
BRDA:16,7,0,2
BRF:8
BRH:8
end_of_record
TN:
SF:src\utils\getDificultad.js
FN:1,getDificultad
FNF:1
FNH:1
FNDA:12,getDificultad
DA:1,1
DA:2,12
DA:3,10
DA:4,10
DA:5,12
DA:6,3
DA:7,3
DA:8,1
DA:9,12
DA:10,12
DA:11,3
DA:12,3
DA:13,1
DA:14,12
DA:15,12
DA:16,3
DA:17,3
DA:18,1
DA:19,12
DA:20,12
DA:21,1
DA:22,12
DA:23,12
LF:23
LH:23
BRDA:1,0,0,12
BRDA:2,1,0,2
BRDA:3,2,0,10
BRDA:5,3,0,3
BRDA:6,4,0,1
BRDA:7,5,0,2
BRDA:7,6,0,1
BRDA:10,7,0,3
BRDA:11,8,0,1
BRDA:12,9,0,2
BRDA:12,10,0,1
BRDA:15,11,0,3
BRDA:16,12,0,1
BRDA:17,13,0,2
BRDA:17,14,0,1
BRDA:20,15,0,1
BRF:16
BRH:16
end_of_record
TN:
SF:src\utils\validators.js
FN:1,isValidEmail
FN:6,isValidPhone
FNF:2
FNH:2
FNDA:18,isValidEmail
FNDA:14,isValidPhone
DA:1,1
DA:2,18
DA:3,18
DA:4,18
DA:5,1
DA:6,1
DA:7,14
DA:8,14
LF:8
LH:8
BRDA:1,0,0,18
BRDA:6,1,0,14
BRF:2
BRH:2
end_of_record
